#
# A fatal error has been detected by the Java Runtime Environment:
#
#  SIGSEGV (0xb) at pc=0x00007f14dd34fd28, pid=4233, tid=0x00007f149a383700
#
# JRE version: Java(TM) SE Runtime Environment (8.0_111-b14) (build 1.8.0_111-b14)
# Java VM: Java HotSpot(TM) 64-Bit Server VM (25.111-b14 mixed mode linux-amd64 compressed oops)
# Problematic frame:
# V  [libjvm.so+0x6d1d28]  jni_invoke_nonstatic(JNIEnv_*, JavaValue*, _jobject*, JNICallType, _jmethodID*, JNI_ArgumentPusher*, Thread*)+0x38
#
# Failed to write core dump. Core dumps have been disabled. To enable core dumping, try "ulimit -c unlimited" before starting Java again
#
# If you would like to submit a bug report, please visit:
#   http://bugreport.java.com/bugreport/crash.jsp
#

---------------  T H R E A D  ---------------

Current thread (0x00007f14d82bf800):  JavaThread "JavaFX Application Thread" [_thread_in_vm, id=4250, stack(0x00007f149a283000,0x00007f149a384000)]

siginfo: si_signo: 11 (SIGSEGV), si_code: 128 (SI_KERNEL), si_addr: 0x0000000000000000

Registers:
RAX=0x00007f149a37f910, RBX=0x00007f149a37f820, RCX=0x0000000000000001, RDX=0x2f65726a2f313131
RSP=0x00007f149a37f670, RBP=0x00007f149a37f7f0, RSI=0x00007f149a37f880, RDI=0x00007f14d82bf9f8
R8 =0x00007f14d81edb78, R9 =0x00007f149a37f820, R10=0x00007f14b40c60e0, R11=0x00007f14c8d53040
R12=0x00007f14d82bf800, R13=0x00007f14d81edb78, R14=0x0000000000000001, R15=0x00007f14d82bf9f8
RIP=0x00007f14dd34fd28, EFLAGS=0x0000000000010202, CSGSFS=0x002b000000000033, ERR=0x0000000000000000
  TRAPNO=0x000000000000000d

Top of Stack: (sp=0x00007f149a37f670)
0x00007f149a37f670:   00007f149a37fd38 00007f149a37f990
0x00007f149a37f680:   00007f149a37f6d0 00007f149a37f750
0x00007f149a37f690:   00007f149a37f820 00007f149a37f880
0x00007f149a37f6a0:   00007f14d82bf9f8 00007f14dd36f830
0x00007f149a37f6b0:   00007f14b4011a60 00007f14b4011ae0
0x00007f149a37f6c0:   00007f14b4011e48 00000000000003d8
0x00007f149a37f6d0:   00007f14d82bf5c8 00000000e0f06bc0
0x00007f149a37f6e0:   00007f140000006f 00007f140000000a
0x00007f149a37f6f0:   00000000e113f728 00007f1400000000
0x00007f149a37f700:   00007f14b4c76e00 00007f14de652c54
0x00007f149a37f710:   00007f14c80e3b90 0000000100000100
0x00007f149a37f720:   00007f14c810f748 00007f149a37f6d8
0x00007f149a37f730:   00007f149a37f719 0000000800000005
0x00007f149a37f740:   00007f14c812fc00 00007f14d82bf5d0
0x00007f149a37f750:   00007f14ddbdcaf0 00007f14c7b9a6d0
0x00007f149a37f760:   00000000d82bf460 00007f14d82bf800
0x00007f149a37f770:   0000000000000000 00007f14dd3500fb
0x00007f149a37f780:   00007f14c80db508 00007f14d82bf800
0x00007f149a37f790:   00007f14c80db508 00007f14d82bf800
0x00007f149a37f7a0:   00007f149a37f930 00007f14c80db508
0x00007f149a37f7b0:   00007f14c80db508 00007f14c80db508
0x00007f149a37f7c0:   00007f14b4011a60 00007f149a37f820
0x00007f149a37f7d0:   00007f14d82bf800 00007f149a37f860
0x00007f149a37f7e0:   00007f14d81edb78 00007f14d82bf9f8
0x00007f149a37f7f0:   00007f149a37f8e0 00007f14dd3544cf
0x00007f149a37f800:   00007f14d82bf800 00007f14c6346014
0x00007f149a37f810:   00007f149a37f8f8 2f65726a2f313131
0x00007f149a37f820:   00007f14ddbdd750 00007f14c7b9a6d0
0x00007f149a37f830:   0000000000000000 00007f1400000063
0x00007f149a37f840:   0000000000000000 0000003000000018
0x00007f149a37f850:   00007f149a37f9d0 00007f149a37f910
0x00007f149a37f860:   00007f14d82bf800 0000000000000000 

Instructions: (pc=0x00007f14dd34fd28)
0x00007f14dd34fd08:   00 00 48 85 d2 48 89 bd b0 fe ff ff 48 89 b5 a8
0x00007f14dd34fd18:   fe ff ff 4c 89 8d a0 fe ff ff 0f 84 78 09 00 00
0x00007f14dd34fd28:   4c 8b 22 4d 85 e4 0f 84 6c 09 00 00 48 8b 45 10
0x00007f14dd34fd38:   48 8b 98 38 01 00 00 48 83 7b 18 f7 0f 87 16 07 

Register to memory mapping:

RAX=0x00007f149a37f910 is pointing into the stack for thread: 0x00007f14d82bf800
RBX=0x00007f149a37f820 is pointing into the stack for thread: 0x00007f14d82bf800
RCX=0x0000000000000001 is an unknown value
RDX=0x2f65726a2f313131 is an unknown value
RSP=0x00007f149a37f670 is pointing into the stack for thread: 0x00007f14d82bf800
RBP=0x00007f149a37f7f0 is pointing into the stack for thread: 0x00007f14d82bf800
RSI=0x00007f149a37f880 is pointing into the stack for thread: 0x00007f14d82bf800
RDI=0x00007f14d82bf9f8 is an unknown value
R8 =0x00007f14d81edb78 is an unknown value
R9 =0x00007f149a37f820 is pointing into the stack for thread: 0x00007f14d82bf800
R10=0x00007f14b40c60e0 is an unknown value
R11=0x00007f14c8d53040 is at entry_point+32 in (nmethod*)0x00007f14c8d52ed0
R12=0x00007f14d82bf800 is a thread
R13=0x00007f14d81edb78 is an unknown value
R14=0x0000000000000001 is an unknown value
R15=0x00007f14d82bf9f8 is an unknown value


Stack: [0x00007f149a283000,0x00007f149a384000],  sp=0x00007f149a37f670,  free space=1009k
Native frames: (J=compiled Java code, j=interpreted, Vv=VM code, C=native code)
V  [libjvm.so+0x6d1d28]  jni_invoke_nonstatic(JNIEnv_*, JavaValue*, _jobject*, JNICallType, _jmethodID*, JNI_ArgumentPusher*, Thread*)+0x38
V  [libjvm.so+0x6d64cf]  jni_CallVoidMethodV+0x10f
C  [libglass.so+0x18641]  JNIEnv_::CallVoidMethod(_jobject*, _jmethodID*, ...)+0x81
C  [libglass.so+0x14f0f]  WindowContextBase::process_key(_GdkEventKey*)+0x20f
C  [libglass.so+0x19f60]  WindowContextBase::im_filter_keypress(_GdkEventKey*)+0x1c0
C  [libglass.so+0x1a91c]  process_events(_GdkEvent*, void*)+0x22c
C  [libgdk-x11-2.0.so.0+0x5acbc]

Java frames: (J=compiled Java code, j=interpreted, Vv=VM code)
j  com.sun.glass.ui.gtk.GtkApplication.enterNestedEventLoopImpl()V+0
j  com.sun.glass.ui.gtk.GtkApplication._enterNestedEventLoop()Ljava/lang/Object;+15
j  com.sun.glass.ui.Application.enterNestedEventLoop()Ljava/lang/Object;+14
j  com.sun.glass.ui.EventLoop.enter()Ljava/lang/Object;+42
j  com.sun.javafx.tk.quantum.QuantumToolkit.enterNestedEventLoop(Ljava/lang/Object;)Ljava/lang/Object;+107
j  javafx.stage.Stage.showAndWait()V+93
j  javafx.scene.control.HeavyweightDialog.showAndWait()V+22
j  javafx.scene.control.Dialog.showAndWait()Ljava/util/Optional;+88
j  fr.gsb.rv.dr.GSBRVDR.lambda$start$1(Ljavafx/scene/control/MenuItem;Ljavafx/scene/control/MenuItem;Ljavafx/scene/control/MenuItem;Ljavafx/scene/control/MenuItem;Ljavafx/scene/control/Menu;Ljavafx/scene/control/Menu;Ljavafx/stage/Stage;Ljavafx/event/ActionEvent;)V+11
j  fr.gsb.rv.dr.GSBRVDR$$Lambda$122.handle(Ljavafx/event/Event;)V+36
j  com.sun.javafx.event.CompositeEventHandler.dispatchBubblingEvent(Ljavafx/event/Event;)V+51
J 2131 C1 com.sun.javafx.event.EventHandlerManager.dispatchBubblingEvent(Ljavafx/event/EventType;Ljavafx/event/Event;)Ljavafx/event/Event; (34 bytes) @ 0x00007f14c8dba0c8 [0x00007f14c8db9fa0+0x128]
j  com.sun.javafx.event.EventHandlerManager.dispatchBubblingEvent(Ljavafx/event/Event;)Ljavafx/event/Event;+8
j  com.sun.javafx.event.BasicEventDispatcher.dispatchEvent(Ljavafx/event/Event;Ljavafx/event/EventDispatchChain;)Ljavafx/event/Event;+29
j  com.sun.javafx.event.EventDispatchChainImpl.dispatchEvent(Ljavafx/event/Event;)Ljavafx/event/Event;+69
j  com.sun.javafx.event.EventUtil.fireEventImpl(Ljavafx/event/EventDispatchChain;Ljavafx/event/EventTarget;Ljavafx/event/Event;)Ljavafx/event/Event;+10
j  com.sun.javafx.event.EventUtil.fireEvent(Ljavafx/event/EventTarget;Ljavafx/event/Event;)Ljavafx/event/Event;+37
j  javafx.event.Event.fireEvent(Ljavafx/event/EventTarget;Ljavafx/event/Event;)V+30
j  javafx.scene.control.MenuItem.fire()V+10
j  com.sun.javafx.scene.control.skin.ContextMenuContent$MenuItemContainer.doSelect()V+97
j  com.sun.javafx.scene.control.skin.ContextMenuContent$MenuItemContainer.lambda$createChildren$343(Ljavafx/scene/input/MouseEvent;)V+1
j  com.sun.javafx.scene.control.skin.ContextMenuContent$MenuItemContainer$$Lambda$382.handle(Ljavafx/event/Event;)V+8
j  com.sun.javafx.event.CompositeEventHandler$NormalEventHandlerRecord.handleBubblingEvent(Ljavafx/event/Event;)V+5
j  com.sun.javafx.event.CompositeEventHandler.dispatchBubblingEvent(Ljavafx/event/Event;)V+28
J 2131 C1 com.sun.javafx.event.EventHandlerManager.dispatchBubblingEvent(Ljavafx/event/EventType;Ljavafx/event/Event;)Ljavafx/event/Event; (34 bytes) @ 0x00007f14c8dba0c8 [0x00007f14c8db9fa0+0x128]
j  com.sun.javafx.event.EventHandlerManager.dispatchBubblingEvent(Ljavafx/event/Event;)Ljavafx/event/Event;+8
j  com.sun.javafx.event.CompositeEventDispatcher.dispatchBubblingEvent(Ljavafx/event/Event;)Ljavafx/event/Event;+11
j  com.sun.javafx.event.BasicEventDispatcher.dispatchEvent(Ljavafx/event/Event;Ljavafx/event/EventDispatchChain;)Ljavafx/event/Event;+29
j  com.sun.javafx.event.EventDispatchChainImpl.dispatchEvent(Ljavafx/event/Event;)Ljavafx/event/Event;+69
j  com.sun.javafx.event.BasicEventDispatcher.dispatchEvent(Ljavafx/event/Event;Ljavafx/event/EventDispatchChain;)Ljavafx/event/Event;+17
j  com.sun.javafx.event.EventDispatchChainImpl.dispatchEvent(Ljavafx/event/Event;)Ljavafx/event/Event;+69
j  com.sun.javafx.event.BasicEventDispatcher.dispatchEvent(Ljavafx/event/Event;Ljavafx/event/EventDispatchChain;)Ljavafx/event/Event;+17
j  com.sun.javafx.event.EventDispatchChainImpl.dispatchEvent(Ljavafx/event/Event;)Ljavafx/event/Event;+69
j  com.sun.javafx.event.BasicEventDispatcher.dispatchEvent(Ljavafx/event/Event;Ljavafx/event/EventDispatchChain;)Ljavafx/event/Event;+17
j  com.sun.javafx.event.EventDispatchChainImpl.dispatchEvent(Ljavafx/event/Event;)Ljavafx/event/Event;+69
j  com.sun.javafx.event.EventUtil.fireEventImpl(Ljavafx/event/EventDispatchChain;Ljavafx/event/EventTarget;Ljavafx/event/Event;)Ljavafx/event/Event;+10
j  com.sun.javafx.event.EventUtil.fireEvent(Ljavafx/event/EventTarget;Ljavafx/event/Event;)Ljavafx/event/Event;+46
j  javafx.event.Event.fireEvent(Ljavafx/event/EventTarget;Ljavafx/event/Event;)V+30
j  javafx.scene.Scene$MouseHandler.process(Ljavafx/scene/input/MouseEvent;Z)V+491
j  javafx.scene.Scene$MouseHandler.access$1500(Ljavafx/scene/Scene$MouseHandler;Ljavafx/scene/input/MouseEvent;Z)V+3
j  javafx.scene.Scene.impl_processMouseEvent(Ljavafx/scene/input/MouseEvent;)V+6
j  javafx.scene.Scene$ScenePeerListener.mouseEvent(Ljavafx/event/EventType;DDDDLjavafx/scene/input/MouseButton;ZZZZZZZZZ)V+46
j  com.sun.javafx.tk.quantum.GlassViewEventHandler$MouseEventNotification.run()Ljava/lang/Void;+514
j  com.sun.javafx.tk.quantum.GlassViewEventHandler$MouseEventNotification.run()Ljava/lang/Object;+1
v  ~StubRoutines::call_stub
j  java.security.AccessController.doPrivileged(Ljava/security/PrivilegedAction;Ljava/security/AccessControlContext;)Ljava/lang/Object;+0
j  com.sun.javafx.tk.quantum.GlassViewEventHandler.lambda$handleMouseEvent$354()Ljava/lang/Void;+11
j  com.sun.javafx.tk.quantum.GlassViewEventHandler$$Lambda$367.get()Ljava/lang/Object;+4
j  com.sun.javafx.tk.quantum.QuantumToolkit.runWithoutRenderLock(Ljava/util/function/Supplier;)Ljava/lang/Object;+18
j  com.sun.javafx.tk.quantum.GlassViewEventHandler.handleMouseEvent(Lcom/sun/glass/ui/View;JIIIIIIIZZ)V+103
j  com.sun.glass.ui.View.handleMouseEvent(JIIIIIIIZZ)V+30
j  com.sun.glass.ui.View.notifyMouse(IIIIIIIZZ)V+181
v  ~StubRoutines::call_stub
j  com.sun.glass.ui.gtk.GtkApplication._runLoop(Ljava/lang/Runnable;Z)V+0
j  com.sun.glass.ui.gtk.GtkApplication.lambda$null$49(Ljava/lang/Runnable;Z)V+7
j  com.sun.glass.ui.gtk.GtkApplication$$Lambda$42.run()V+12
j  java.lang.Thread.run()V+11
v  ~StubRoutines::call_stub

---------------  P R O C E S S  ---------------

Java Threads: ( => current thread )
  0x00007f14b442b800 JavaThread "Prism Font Disposer" daemon [_thread_blocked, id=4252, stack(0x00007f1498cf6000,0x00007f1498df7000)]
  0x00007f14d82c3800 JavaThread "JavaFX-Launcher" [_thread_blocked, id=4251, stack(0x00007f149a182000,0x00007f149a283000)]
=>0x00007f14d82bf800 JavaThread "JavaFX Application Thread" [_thread_in_vm, id=4250, stack(0x00007f149a283000,0x00007f149a384000)]
  0x00007f14d82bb800 JavaThread "Thread-1" daemon [_thread_blocked, id=4249, stack(0x00007f149a384000,0x00007f149a485000)]
  0x00007f14d81dc800 JavaThread "QuantumRenderer-0" daemon [_thread_blocked, id=4248, stack(0x00007f14c6dbd000,0x00007f14c6ebe000)]
  0x00007f14d80f5800 JavaThread "Service Thread" daemon [_thread_blocked, id=4246, stack(0x00007f14c7055000,0x00007f14c7156000)]
  0x00007f14d80d8800 JavaThread "C1 CompilerThread1" daemon [_thread_blocked, id=4245, stack(0x00007f14c7156000,0x00007f14c7257000)]
  0x00007f14d80d6000 JavaThread "C2 CompilerThread0" daemon [_thread_blocked, id=4244, stack(0x00007f14c7257000,0x00007f14c7358000)]
  0x00007f14d80d4800 JavaThread "Signal Dispatcher" daemon [_thread_blocked, id=4243, stack(0x00007f14c7358000,0x00007f14c7459000)]
  0x00007f14d80a1800 JavaThread "Finalizer" daemon [_thread_blocked, id=4242, stack(0x00007f14c75f4000,0x00007f14c76f5000)]
  0x00007f14d809d000 JavaThread "Reference Handler" daemon [_thread_blocked, id=4241, stack(0x00007f14c76f5000,0x00007f14c77f6000)]
  0x00007f14d800a000 JavaThread "main" [_thread_blocked, id=4239, stack(0x00007f14de747000,0x00007f14de848000)]

Other Threads:
  0x00007f14d8095000 VMThread [stack: 0x00007f14c77f6000,0x00007f14c78f7000] [id=4240]
  0x00007f14d8100800 WatcherThread [stack: 0x00007f14c6f54000,0x00007f14c7055000] [id=4247]

VM state:not at safepoint (normal execution)

VM Mutex/Monitor currently owned by a thread: None

Heap:
 def new generation   total 13632K, used 3495K [0x00000000e0e00000, 0x00000000e1cc0000, 0x00000000eb400000)
  eden space 12160K,  28% used [0x00000000e0e00000, 0x00000000e1169ed0, 0x00000000e19e0000)
  from space 1472K,   0% used [0x00000000e19e0000, 0x00000000e19e0000, 0x00000000e1b50000)
  to   space 1472K,   0% used [0x00000000e1b50000, 0x00000000e1b50000, 0x00000000e1cc0000)
 tenured generation   total 30080K, used 18047K [0x00000000eb400000, 0x00000000ed160000, 0x0000000100000000)
   the space 30080K,  59% used [0x00000000eb400000, 0x00000000ec59fd88, 0x00000000ec59fe00, 0x00000000ed160000)
 Metaspace       used 20578K, capacity 22148K, committed 22320K, reserved 1069056K
  class space    used 2971K, capacity 3266K, committed 3376K, reserved 1048576K

Card table byte_map: [0x00007f14dc036000,0x00007f14dc130000] byte_map_base: 0x00007f14db92f000

Polling page: 0x00007f14de863000

CodeCache: size=245760Kb used=7395Kb max_used=7395Kb free=238364Kb
 bounds [0x00007f14c87af000, 0x00007f14c8eef000, 0x00007f14d77af000]
 total_blobs=3159 nmethods=2486 adapters=586
 compilation: enabled

Compilation events (10 events):
Event: 13,583 Thread 0x00007f14d80d8800 2484       3       com.sun.javafx.geom.transform.Affine3D::deriveWithConcatenation (7 bytes)
Event: 13,583 Thread 0x00007f14d80d8800 nmethod 2484 0x00007f14c8ee3650 code [0x00007f14c8ee37c0, 0x00007f14c8ee3960]
Event: 13,583 Thread 0x00007f14d80d8800 2485       3       com.sun.javafx.geom.transform.Affine3D::concatenate (561 bytes)
Event: 13,584 Thread 0x00007f14d80d8800 nmethod 2485 0x00007f14c8ee71d0 code [0x00007f14c8ee74e0, 0x00007f14c8ee8b58]
Event: 13,584 Thread 0x00007f14d80d8800 2486       1       com.sun.prism.sw.SWRTTexture::isOpaque (5 bytes)
Event: 13,584 Thread 0x00007f14d80d8800 nmethod 2486 0x00007f14c8ee3390 code [0x00007f14c8ee34e0, 0x00007f14c8ee35f0]
Event: 13,686 Thread 0x00007f14d80d8800 2487       3       java.util.concurrent.locks.AbstractQueuedSynchronizer$ConditionObject::doSignal (43 bytes)
Event: 13,687 Thread 0x00007f14d80d8800 nmethod 2487 0x00007f14c8ee9bd0 code [0x00007f14c8ee9d60, 0x00007f14c8eea0e0]
Event: 13,696 Thread 0x00007f14d80d8800 2489       3       javafx.stage.Window::getScene (11 bytes)
Event: 13,697 Thread 0x00007f14d80d8800 nmethod 2489 0x00007f14c8eea210 code [0x00007f14c8eea3a0, 0x00007f14c8eea7e0]

GC Heap History (10 events):
Event: 4,027 GC heap before
{Heap before GC invocations=2 (full 0):
 def new generation   total 9792K, used 9791K [0x00000000e0e00000, 0x00000000e18a0000, 0x00000000eb400000)
  eden space 8704K, 100% used [0x00000000e0e00000, 0x00000000e1680000, 0x00000000e1680000)
  from space 1088K,  99% used [0x00000000e1680000, 0x00000000e178fff8, 0x00000000e1790000)
  to   space 1088K,   0% used [0x00000000e1790000, 0x00000000e1790000, 0x00000000e18a0000)
 tenured generation   total 21888K, used 2271K [0x00000000eb400000, 0x00000000ec960000, 0x0000000100000000)
   the space 21888K,  10% used [0x00000000eb400000, 0x00000000eb637c08, 0x00000000eb637e00, 0x00000000ec960000)
 Metaspace       used 14919K, capacity 15552K, committed 15872K, reserved 1062912K
  class space    used 1997K, capacity 2181K, committed 2304K, reserved 1048576K
Event: 4,048 GC heap after
Heap after GC invocations=3 (full 0):
 def new generation   total 9792K, used 1087K [0x00000000e0e00000, 0x00000000e18a0000, 0x00000000eb400000)
  eden space 8704K,   0% used [0x00000000e0e00000, 0x00000000e0e00000, 0x00000000e1680000)
  from space 1088K,  99% used [0x00000000e1790000, 0x00000000e189fff8, 0x00000000e18a0000)
  to   space 1088K,   0% used [0x00000000e1680000, 0x00000000e1680000, 0x00000000e1790000)
 tenured generation   total 21888K, used 3437K [0x00000000eb400000, 0x00000000ec960000, 0x0000000100000000)
   the space 21888K,  15% used [0x00000000eb400000, 0x00000000eb75b438, 0x00000000eb75b600, 0x00000000ec960000)
 Metaspace       used 14919K, capacity 15552K, committed 15872K, reserved 1062912K
  class space    used 1997K, capacity 2181K, committed 2304K, reserved 1048576K
}
Event: 5,264 GC heap before
{Heap before GC invocations=3 (full 0):
 def new generation   total 9792K, used 9791K [0x00000000e0e00000, 0x00000000e18a0000, 0x00000000eb400000)
  eden space 8704K, 100% used [0x00000000e0e00000, 0x00000000e1680000, 0x00000000e1680000)
  from space 1088K,  99% used [0x00000000e1790000, 0x00000000e189fff8, 0x00000000e18a0000)
  to   space 1088K,   0% used [0x00000000e1680000, 0x00000000e1680000, 0x00000000e1790000)
 tenured generation   total 21888K, used 3437K [0x00000000eb400000, 0x00000000ec960000, 0x0000000100000000)
   the space 21888K,  15% used [0x00000000eb400000, 0x00000000eb75b438, 0x00000000eb75b600, 0x00000000ec960000)
 Metaspace       used 17405K, capacity 18578K, committed 18688K, reserved 1064960K
  class space    used 2522K, capacity 2766K, committed 2816K, reserved 1048576K
Event: 5,299 GC heap after
Heap after GC invocations=4 (full 0):
 def new generation   total 9792K, used 1088K [0x00000000e0e00000, 0x00000000e18a0000, 0x00000000eb400000)
  eden space 8704K,   0% used [0x00000000e0e00000, 0x00000000e0e00000, 0x00000000e1680000)
  from space 1088K, 100% used [0x00000000e1680000, 0x00000000e1790000, 0x00000000e1790000)
  to   space 1088K,   0% used [0x00000000e1790000, 0x00000000e1790000, 0x00000000e18a0000)
 tenured generation   total 21888K, used 4722K [0x00000000eb400000, 0x00000000ec960000, 0x0000000100000000)
   the space 21888K,  21% used [0x00000000eb400000, 0x00000000eb89c9c0, 0x00000000eb89ca00, 0x00000000ec960000)
 Metaspace       used 17405K, capacity 18578K, committed 18688K, reserved 1064960K
  class space    used 2522K, capacity 2766K, committed 2816K, reserved 1048576K
}
Event: 6,115 GC heap before
{Heap before GC invocations=4 (full 0):
 def new generation   total 9792K, used 7459K [0x00000000e0e00000, 0x00000000e18a0000, 0x00000000eb400000)
  eden space 8704K,  73% used [0x00000000e0e00000, 0x00000000e1438e70, 0x00000000e1680000)
  from space 1088K, 100% used [0x00000000e1680000, 0x00000000e1790000, 0x00000000e1790000)
  to   space 1088K,   0% used [0x00000000e1790000, 0x00000000e1790000, 0x00000000e18a0000)
 tenured generation   total 21888K, used 4722K [0x00000000eb400000, 0x00000000ec960000, 0x0000000100000000)
   the space 21888K,  21% used [0x00000000eb400000, 0x00000000eb89c9c0, 0x00000000eb89ca00, 0x00000000ec960000)
 Metaspace       used 18601K, capacity 19852K, committed 20096K, reserved 1067008K
  class space    used 2640K, capacity 2896K, committed 2944K, reserved 1048576K
Event: 6,178 GC heap after
Heap after GC invocations=5 (full 0):
 def new generation   total 9792K, used 1088K [0x00000000e0e00000, 0x00000000e18a0000, 0x00000000eb400000)
  eden space 8704K,   0% used [0x00000000e0e00000, 0x00000000e0e00000, 0x00000000e1680000)
  from space 1088K, 100% used [0x00000000e1790000, 0x00000000e18a0000, 0x00000000e18a0000)
  to   space 1088K,   0% used [0x00000000e1680000, 0x00000000e1680000, 0x00000000e1790000)
 tenured generation   total 21888K, used 6620K [0x00000000eb400000, 0x00000000ec960000, 0x0000000100000000)
   the space 21888K,  30% used [0x00000000eb400000, 0x00000000eba77380, 0x00000000eba77400, 0x00000000ec960000)
 Metaspace       used 18601K, capacity 19852K, committed 20096K, reserved 1067008K
  class space    used 2640K, capacity 2896K, committed 2944K, reserved 1048576K
}
Event: 6,270 GC heap before
{Heap before GC invocations=5 (full 0):
 def new generation   total 9792K, used 9772K [0x00000000e0e00000, 0x00000000e18a0000, 0x00000000eb400000)
  eden space 8704K,  99% used [0x00000000e0e00000, 0x00000000e167b230, 0x00000000e1680000)
  from space 1088K, 100% used [0x00000000e1790000, 0x00000000e18a0000, 0x00000000e18a0000)
  to   space 1088K,   0% used [0x00000000e1680000, 0x00000000e1680000, 0x00000000e1790000)
 tenured generation   total 21888K, used 6620K [0x00000000eb400000, 0x00000000ec960000, 0x0000000100000000)
   the space 21888K,  30% used [0x00000000eb400000, 0x00000000eba77380, 0x00000000eba77400, 0x00000000ec960000)
 Metaspace       used 18792K, capacity 20056K, committed 20352K, reserved 1067008K
  class space    used 2664K, capacity 2900K, committed 2944K, reserved 1048576K
Event: 6,349 GC heap after
Heap after GC invocations=6 (full 0):
 def new generation   total 9792K, used 48K [0x00000000e0e00000, 0x00000000e18a0000, 0x00000000eb400000)
  eden space 8704K,   0% used [0x00000000e0e00000, 0x00000000e0e00000, 0x00000000e1680000)
  from space 1088K,   4% used [0x00000000e1680000, 0x00000000e168c180, 0x00000000e1790000)
  to   space 1088K,   0% used [0x00000000e1790000, 0x00000000e1790000, 0x00000000e18a0000)
 tenured generation   total 21888K, used 15899K [0x00000000eb400000, 0x00000000ec960000, 0x0000000100000000)
   the space 21888K,  72% used [0x00000000eb400000, 0x00000000ec386fb0, 0x00000000ec387000, 0x00000000ec960000)
 Metaspace       used 18792K, capacity 20056K, committed 20352K, reserved 1067008K
  class space    used 2664K, capacity 2900K, committed 2944K, reserved 1048576K
}
Event: 9,141 GC heap before
{Heap before GC invocations=6 (full 0):
 def new generation   total 9792K, used 4863K [0x00000000e0e00000, 0x00000000e18a0000, 0x00000000eb400000)
  eden space 8704K,  55% used [0x00000000e0e00000, 0x00000000e12b3e30, 0x00000000e1680000)
  from space 1088K,   4% used [0x00000000e1680000, 0x00000000e168c180, 0x00000000e1790000)
  to   space 1088K,   0% used [0x00000000e1790000, 0x00000000e1790000, 0x00000000e18a0000)
 tenured generation   total 21888K, used 15899K [0x00000000eb400000, 0x00000000ec960000, 0x0000000100000000)
   the space 21888K,  72% used [0x00000000eb400000, 0x00000000ec386fb0, 0x00000000ec387000, 0x00000000ec960000)
 Metaspace       used 19773K, capacity 21236K, committed 21296K, reserved 1067008K
  class space    used 2803K, capacity 3102K, committed 3120K, reserved 1048576K
Event: 9,250 GC heap after
Heap after GC invocations=7 (full 1):
 def new generation   total 13632K, used 0K [0x00000000e0e00000, 0x00000000e1cc0000, 0x00000000eb400000)
  eden space 12160K,   0% used [0x00000000e0e00000, 0x00000000e0e00000, 0x00000000e19e0000)
  from space 1472K,   0% used [0x00000000e19e0000, 0x00000000e19e0000, 0x00000000e1b50000)
  to   space 1472K,   0% used [0x00000000e1b50000, 0x00000000e1b50000, 0x00000000e1cc0000)
 tenured generation   total 30080K, used 18047K [0x00000000eb400000, 0x00000000ed160000, 0x0000000100000000)
   the space 30080K,  59% used [0x00000000eb400000, 0x00000000ec59fd88, 0x00000000ec59fe00, 0x00000000ed160000)
 Metaspace       used 19773K, capacity 21236K, committed 21296K, reserved 1067008K
  class space    used 2803K, capacity 3102K, committed 3120K, reserved 1048576K
}

Deoptimization events (10 events):
Event: 5,583 Thread 0x00007f14d82bf800 Uncommon trap: reason=array_check action=maybe_recompile pc=0x00007f14c8c731d0 method=com.sun.javafx.css.SimpleSelector.applies(Ljavafx/css/Styleable;[Ljava/util/Set;I)Z @ 37
Event: 5,950 Thread 0x00007f14d82bf800 Uncommon trap: reason=unstable_if action=reinterpret pc=0x00007f14c8ce761c method=com.sun.javafx.css.SimpleSelector.stateMatches(Ljavafx/css/Styleable;Ljava/util/Set;)Z @ 1
Event: 8,389 Thread 0x00007f14d82bf800 Uncommon trap: reason=unstable_if action=reinterpret pc=0x00007f14c8aa81e4 method=jdk.internal.org.objectweb.asm.Type.getArgumentsAndReturnSizes(Ljava/lang/String;)I @ 47
Event: 9,335 Thread 0x00007f14d82bf800 Uncommon trap: reason=unstable_if action=reinterpret pc=0x00007f14c8d20890 method=com.sun.javafx.css.SimpleSelector.applies(Ljavafx/css/Styleable;)Z @ 7
Event: 9,335 Thread 0x00007f14d82bf800 Uncommon trap: reason=unstable_if action=reinterpret pc=0x00007f14c8c0c738 method=com.sun.javafx.css.SimpleSelector.applies(Ljavafx/css/Styleable;)Z @ 7
Event: 9,362 Thread 0x00007f14d82bf800 Uncommon trap: reason=unstable_if action=reinterpret pc=0x00007f14c8dfa4e4 method=javafx.scene.CssStyleHelper.lookup(Ljavafx/css/Styleable;Ljavafx/css/CssMetaData;Lcom/sun/javafx/css/StyleMap;Ljava/util/Set;Ljavafx/css/Styleable;Lcom/sun/javafx/css/Calcul
Event: 9,392 Thread 0x00007f14d82bf800 Uncommon trap: reason=unstable_if action=reinterpret pc=0x00007f14c8dd451c method=java.lang.StrictMath.floorOrCeil(DDDD)D @ 115
Event: 9,423 Thread 0x00007f14d82bf800 Uncommon trap: reason=unstable_if action=reinterpret pc=0x00007f14c8bc3158 method=jdk.internal.org.objectweb.asm.Item.isEqualTo(Ljdk/internal/org/objectweb/asm/Item;)Z @ 331
Event: 9,473 Thread 0x00007f14d82bf800 Uncommon trap: reason=unstable_if action=reinterpret pc=0x00007f14c8e1e208 method=com.sun.javafx.css.StyleManager.getStyleMap(Ljavafx/css/Styleable;Ljavafx/scene/SubScene;I)Lcom/sun/javafx/css/StyleMap; @ 2
Event: 12,604 Thread 0x00007f14d82bf800 Uncommon trap: reason=unstable_if action=reinterpret pc=0x00007f14c8a19060 method=java.lang.CharacterData.of(I)Ljava/lang/CharacterData; @ 4

Internal exceptions (10 events):
Event: 0,595 Thread 0x00007f14d800a000 Exception <a 'java/security/PrivilegedActionException'> (0x00000000e104b200) thrown at [/HUDSON3/workspace/8-2-build-linux-amd64/jdk8u111/7883/hotspot/src/share/vm/prims/jvm.cpp, line 1386]
Event: 0,596 Thread 0x00007f14d800a000 Exception <a 'java/security/PrivilegedActionException'> (0x00000000e104d500) thrown at [/HUDSON3/workspace/8-2-build-linux-amd64/jdk8u111/7883/hotspot/src/share/vm/prims/jvm.cpp, line 1386]
Event: 0,596 Thread 0x00007f14d800a000 Exception <a 'java/security/PrivilegedActionException'> (0x00000000e104d710) thrown at [/HUDSON3/workspace/8-2-build-linux-amd64/jdk8u111/7883/hotspot/src/share/vm/prims/jvm.cpp, line 1386]
Event: 0,596 Thread 0x00007f14d800a000 Exception <a 'java/lang/NullPointerException'> (0x00000000e104dce8) thrown at [/HUDSON3/workspace/8-2-build-linux-amd64/jdk8u111/7883/hotspot/src/share/vm/interpreter/linkResolver.cpp, line 1178]
Event: 1,617 Thread 0x00007f14d82bf800 Exception <a 'java/lang/NullPointerException'> (0x00000000e15da600) thrown at [/HUDSON3/workspace/8-2-build-linux-amd64/jdk8u111/7883/hotspot/src/share/vm/interpreter/linkResolver.cpp, line 1178]
Event: 1,617 Thread 0x00007f14d82bf800 Exception <a 'java/lang/NullPointerException'> (0x00000000e15da600) thrown at [/HUDSON3/workspace/8-2-build-linux-amd64/jdk8u111/7883/hotspot/src/share/vm/prims/jvm.cpp, line 1390]
Event: 2,117 Thread 0x00007f14d82bf800 Implicit null exception at 0x00007f14c8a38adb to 0x00007f14c8a38e19
Event: 2,135 Thread 0x00007f14d82bf800 Implicit null exception at 0x00007f14c89d7376 to 0x00007f14c89d771d
Event: 3,614 Thread 0x00007f14d82bf800 Implicit null exception at 0x00007f14c89ff835 to 0x00007f14c89ffa11
Event: 5,950 Thread 0x00007f14d82bf800 Implicit null exception at 0x00007f14c8ce5c7d to 0x00007f14c8ce75f1

Events (10 events):
Event: 12,604 Thread 0x00007f14d82bf800 DEOPT PACKING pc=0x00007f14c8a19060 sp=0x00007f149a37c420
Event: 12,604 Thread 0x00007f14d82bf800 DEOPT UNPACKING pc=0x00007f14c87b4229 sp=0x00007f149a37c3e0 mode 2
Event: 12,604 loading class java/lang/CharacterData00
Event: 12,604 loading class java/lang/CharacterData00 done
Event: 12,604 Executing VM operation: Deoptimize
Event: 12,605 Executing VM operation: Deoptimize done
Event: 13,694 loading class javafx/scene/input/KeyCombination$2
Event: 13,694 loading class javafx/scene/input/KeyCombination$2 done
Event: 13,695 loading class javafx/util/Pair
Event: 13,695 loading class javafx/util/Pair done


Dynamic libraries:
00400000-00401000 r-xp 00000000 08:01 695664                             /usr/local/jdk1.8.0_111/jre/bin/java
00600000-00601000 rw-p 00000000 08:01 695664                             /usr/local/jdk1.8.0_111/jre/bin/java
012e9000-0130a000 rw-p 00000000 00:00 0                                  [heap]
e0e00000-e1cc0000 rw-p 00000000 00:00 0 
e1cc0000-eb400000 ---p 00000000 00:00 0 
eb400000-ed160000 rw-p 00000000 00:00 0 
ed160000-100000000 ---p 00000000 00:00 0 
100000000-10034c000 rw-p 00000000 00:00 0 
10034c000-140000000 ---p 00000000 00:00 0 
7f1498620000-7f14986a0000 rw-p 00000000 00:00 0 
7f14986a0000-7f1498820000 ---p 00000000 00:00 0 
7f1498820000-7f1498826000 r--p 00000000 08:01 668544                     /usr/share/locale/fr/LC_MESSAGES/gdk-pixbuf.mo
7f1498826000-7f1498836000 r-xp 00000000 08:01 695359                     /usr/local/jdk1.8.0_111/jre/lib/amd64/libdecora_sse.so
7f1498836000-7f1498a35000 ---p 00010000 08:01 695359                     /usr/local/jdk1.8.0_111/jre/lib/amd64/libdecora_sse.so
7f1498a35000-7f1498a36000 rw-p 0000f000 08:01 695359                     /usr/local/jdk1.8.0_111/jre/lib/amd64/libdecora_sse.so
7f1498a36000-7f1498c36000 rw-p 00000000 00:00 0 
7f1498c36000-7f1498c49000 r--s 00345000 08:01 695368                     /usr/local/jdk1.8.0_111/jre/lib/resources.jar
7f1498c49000-7f1498cf6000 r--p 00000000 08:01 1052079                    /usr/share/fonts/truetype/dejavu/DejaVuSans-Bold.ttf
7f1498cf6000-7f1498cf9000 ---p 00000000 00:00 0 
7f1498cf9000-7f1498df7000 rw-p 00000000 00:00 0 
7f1498df7000-7f1498eb0000 r--p 00000000 08:01 1052080                    /usr/share/fonts/truetype/dejavu/DejaVuSans.ttf
7f1498eb0000-7f1498f05000 r--p 00000000 08:01 695240                     /usr/local/jdk1.8.0_111/jre/lib/fonts/LucidaBrightRegular.ttf
7f1498f05000-7f1498f18000 r--p 00000000 08:01 695233                     /usr/local/jdk1.8.0_111/jre/lib/fonts/LucidaBrightDemiBold.ttf
7f1498f18000-7f1498fc3000 r--p 00000000 08:01 695278                     /usr/local/jdk1.8.0_111/jre/lib/fonts/LucidaSansRegular.ttf
7f1498fc3000-7f1498fd7000 r--p 00000000 08:01 695261                     /usr/local/jdk1.8.0_111/jre/lib/fonts/LucidaBrightItalic.ttf
7f1498fd7000-7f1499013000 r--p 00000000 08:01 695217                     /usr/local/jdk1.8.0_111/jre/lib/fonts/LucidaTypewriterRegular.ttf
7f1499013000-7f1499026000 r--p 00000000 08:01 695222                     /usr/local/jdk1.8.0_111/jre/lib/fonts/LucidaBrightDemiItalic.ttf
7f1499026000-7f1499074000 r--p 00000000 08:01 695263                     /usr/local/jdk1.8.0_111/jre/lib/fonts/LucidaSansDemiBold.ttf
7f1499074000-7f14990ae000 r--p 00000000 08:01 695232                     /usr/local/jdk1.8.0_111/jre/lib/fonts/LucidaTypewriterBold.ttf
7f14990ae000-7f14992ae000 rw-p 00000000 00:00 0 
7f14992ae000-7f14992b2000 r-xp 00000000 08:01 695239                     /usr/local/jdk1.8.0_111/jre/lib/amd64/libjavafx_font_pango.so
7f14992b2000-7f14994b1000 ---p 00004000 08:01 695239                     /usr/local/jdk1.8.0_111/jre/lib/amd64/libjavafx_font_pango.so
7f14994b1000-7f14994b2000 rw-p 00003000 08:01 695239                     /usr/local/jdk1.8.0_111/jre/lib/amd64/libjavafx_font_pango.so
7f14994b2000-7f14994b7000 r--s 00084000 08:01 695499                     /usr/local/jdk1.8.0_111/jre/lib/jfr.jar
7f14994b7000-7f14996b7000 rw-p 00000000 00:00 0 
7f14996b7000-7f14996c2000 r--s 00000000 08:01 428319                     /var/cache/fontconfig/945677eb7aeaf62f1d50efc3fb3ec7d8-le64.cache-4
7f14996c2000-7f14996c6000 r--s 00000000 08:01 435232                     /var/cache/fontconfig/de156ccd2eddbdc19d37a45b8b2aac9c-le64.cache-4
7f14996c6000-7f14996cc000 r--s 00000000 08:01 397944                     /var/cache/fontconfig/3047814df9a2f067bd2d96a2b9c36e5a-le64.cache-4
7f14996cc000-7f14996d4000 r--s 00000000 08:01 397937                     /var/cache/fontconfig/bf3b770c553c462765856025a94f1ce6-le64.cache-4
7f14996d4000-7f14996e7000 r--s 00000000 08:01 428315                     /var/cache/fontconfig/d52a8644073d54c13679302ca1180695-le64.cache-4
7f14996e7000-7f14996ec000 r-xp 00000000 08:01 695221                     /usr/local/jdk1.8.0_111/jre/lib/amd64/libjavafx_font_freetype.so
7f14996ec000-7f14998eb000 ---p 00005000 08:01 695221                     /usr/local/jdk1.8.0_111/jre/lib/amd64/libjavafx_font_freetype.so
7f14998eb000-7f14998ec000 rw-p 00004000 08:01 695221                     /usr/local/jdk1.8.0_111/jre/lib/amd64/libjavafx_font_freetype.so
7f14998ec000-7f14998ef000 r-xp 00000000 08:01 695339                     /usr/local/jdk1.8.0_111/jre/lib/amd64/libjavafx_font.so
7f14998ef000-7f1499aee000 ---p 00003000 08:01 695339                     /usr/local/jdk1.8.0_111/jre/lib/amd64/libjavafx_font.so
7f1499aee000-7f1499aef000 rw-p 00002000 08:01 695339                     /usr/local/jdk1.8.0_111/jre/lib/amd64/libjavafx_font.so
7f1499aef000-7f1499cef000 rw-p 00000000 00:00 0 
7f1499cef000-7f1499d05000 r-xp 00000000 08:01 695504                     /usr/local/jdk1.8.0_111/jre/lib/amd64/libnet.so
7f1499d05000-7f1499f05000 ---p 00016000 08:01 695504                     /usr/local/jdk1.8.0_111/jre/lib/amd64/libnet.so
7f1499f05000-7f1499f06000 rw-p 00016000 08:01 695504                     /usr/local/jdk1.8.0_111/jre/lib/amd64/libnet.so
7f1499f06000-7f149a106000 rw-p 00000000 00:00 0 
7f149a106000-7f149a182000 r--s 0079b000 08:01 12459                      /home/etudiant/NetBeansProjects/GSB-RV-DR/dist/run1216311021/lib/eclipselink.jar
7f149a182000-7f149a185000 ---p 00000000 00:00 0 
7f149a185000-7f149a283000 rw-p 00000000 00:00 0 
7f149a283000-7f149a286000 ---p 00000000 00:00 0 
7f149a286000-7f149a384000 rw-p 00000000 00:00 0 
7f149a384000-7f149a387000 ---p 00000000 00:00 0 
7f149a387000-7f149a485000 rw-p 00000000 00:00 0 
7f149a485000-7f149a48c000 r-xp 00000000 08:01 669767                     /usr/lib/x86_64-linux-gnu/libogg.so.0.8.2
7f149a48c000-7f149a68c000 ---p 00007000 08:01 669767                     /usr/lib/x86_64-linux-gnu/libogg.so.0.8.2
7f149a68c000-7f149a68d000 r--p 00007000 08:01 669767                     /usr/lib/x86_64-linux-gnu/libogg.so.0.8.2
7f149a68d000-7f149a68e000 rw-p 00008000 08:01 669767                     /usr/lib/x86_64-linux-gnu/libogg.so.0.8.2
7f149a68e000-7f149a6b8000 r-xp 00000000 08:01 671056                     /usr/lib/x86_64-linux-gnu/libvorbis.so.0.4.8
7f149a6b8000-7f149a8b8000 ---p 0002a000 08:01 671056                     /usr/lib/x86_64-linux-gnu/libvorbis.so.0.4.8
7f149a8b8000-7f149a8b9000 r--p 0002a000 08:01 671056                     /usr/lib/x86_64-linux-gnu/libvorbis.so.0.4.8
7f149a8b9000-7f149a8ba000 rw-p 0002b000 08:01 671056                     /usr/lib/x86_64-linux-gnu/libvorbis.so.0.4.8
7f149a8ba000-7f149a8c3000 r-xp 00000000 08:01 669429                     /usr/lib/x86_64-linux-gnu/libltdl.so.7.3.1
7f149a8c3000-7f149aac2000 ---p 00009000 08:01 669429                     /usr/lib/x86_64-linux-gnu/libltdl.so.7.3.1
7f149aac2000-7f149aac3000 r--p 00008000 08:01 669429                     /usr/lib/x86_64-linux-gnu/libltdl.so.7.3.1
7f149aac3000-7f149aac4000 rw-p 00009000 08:01 669429                     /usr/lib/x86_64-linux-gnu/libltdl.so.7.3.1
7f149aac4000-7f149aad9000 r-xp 00000000 08:01 671426                     /usr/lib/x86_64-linux-gnu/libtdb.so.1.3.11
7f149aad9000-7f149acd8000 ---p 00015000 08:01 671426                     /usr/lib/x86_64-linux-gnu/libtdb.so.1.3.11
7f149acd8000-7f149acd9000 r--p 00014000 08:01 671426                     /usr/lib/x86_64-linux-gnu/libtdb.so.1.3.11
7f149acd9000-7f149acda000 rw-p 00015000 08:01 671426                     /usr/lib/x86_64-linux-gnu/libtdb.so.1.3.11
7f149acda000-7f149ace2000 r-xp 00000000 08:01 671752                     /usr/lib/x86_64-linux-gnu/libvorbisfile.so.3.3.7
7f149ace2000-7f149aee1000 ---p 00008000 08:01 671752                     /usr/lib/x86_64-linux-gnu/libvorbisfile.so.3.3.7
7f149aee1000-7f149aee2000 r--p 00007000 08:01 671752                     /usr/lib/x86_64-linux-gnu/libvorbisfile.so.3.3.7
7f149aee2000-7f149aee3000 rw-p 00008000 08:01 671752                     /usr/lib/x86_64-linux-gnu/libvorbisfile.so.3.3.7
7f149aee3000-7f149aef4000 r-xp 00000000 08:01 672494                     /usr/lib/x86_64-linux-gnu/libcanberra.so.0.2.5
7f149aef4000-7f149b0f3000 ---p 00011000 08:01 672494                     /usr/lib/x86_64-linux-gnu/libcanberra.so.0.2.5
7f149b0f3000-7f149b0f4000 r--p 00010000 08:01 672494                     /usr/lib/x86_64-linux-gnu/libcanberra.so.0.2.5
7f149b0f4000-7f149b0f5000 rw-p 00011000 08:01 672494                     /usr/lib/x86_64-linux-gnu/libcanberra.so.0.2.5
7f149b0f5000-7f149b0f9000 r-xp 00000000 08:01 694037                     /usr/lib/x86_64-linux-gnu/libcanberra-gtk.so.0.1.9
7f149b0f9000-7f149b2f8000 ---p 00004000 08:01 694037                     /usr/lib/x86_64-linux-gnu/libcanberra-gtk.so.0.1.9
7f149b2f8000-7f149b2f9000 r--p 00003000 08:01 694037                     /usr/lib/x86_64-linux-gnu/libcanberra-gtk.so.0.1.9
7f149b2f9000-7f149b2fa000 rw-p 00004000 08:01 694037                     /usr/lib/x86_64-linux-gnu/libcanberra-gtk.so.0.1.9
7f149b2fa000-7f149b2ff000 r-xp 00000000 08:01 694046                     /usr/lib/x86_64-linux-gnu/gtk-2.0/modules/libcanberra-gtk-module.so
7f149b2ff000-7f149b4fe000 ---p 00005000 08:01 694046                     /usr/lib/x86_64-linux-gnu/gtk-2.0/modules/libcanberra-gtk-module.so
7f149b4fe000-7f149b4ff000 r--p 00004000 08:01 694046                     /usr/lib/x86_64-linux-gnu/gtk-2.0/modules/libcanberra-gtk-module.so
7f149b4ff000-7f149b500000 rw-p 00005000 08:01 694046                     /usr/lib/x86_64-linux-gnu/gtk-2.0/modules/libcanberra-gtk-module.so
7f149b500000-7f149b50a000 r-xp 00000000 08:01 685592                     /usr/lib/x86_64-linux-gnu/gtk-2.0/2.10.0/engines/libpixmap.so
7f149b50a000-7f149b709000 ---p 0000a000 08:01 685592                     /usr/lib/x86_64-linux-gnu/gtk-2.0/2.10.0/engines/libpixmap.so
7f149b709000-7f149b70a000 r--p 00009000 08:01 685592                     /usr/lib/x86_64-linux-gnu/gtk-2.0/2.10.0/engines/libpixmap.so
7f149b70a000-7f149b70b000 rw-p 0000a000 08:01 685592                     /usr/lib/x86_64-linux-gnu/gtk-2.0/2.10.0/engines/libpixmap.so
7f149b70b000-7f149b70d000 r-xp 00000000 08:01 681226                     /usr/lib/x86_64-linux-gnu/gtk-2.0/2.10.0/engines/libadwaita.so
7f149b70d000-7f149b90d000 ---p 00002000 08:01 681226                     /usr/lib/x86_64-linux-gnu/gtk-2.0/2.10.0/engines/libadwaita.so
7f149b90d000-7f149b90e000 r--p 00002000 08:01 681226                     /usr/lib/x86_64-linux-gnu/gtk-2.0/2.10.0/engines/libadwaita.so
7f149b90e000-7f149b90f000 rw-p 00003000 08:01 681226                     /usr/lib/x86_64-linux-gnu/gtk-2.0/2.10.0/engines/libadwaita.so
7f149b90f000-7f149b920000 r-xp 00000000 08:01 656284                     /usr/lib/x86_64-linux-gnu/liblz4.so.1.7.1
7f149b920000-7f149bb1f000 ---p 00011000 08:01 656284                     /usr/lib/x86_64-linux-gnu/liblz4.so.1.7.1
7f149bb1f000-7f149bb20000 r--p 00010000 08:01 656284                     /usr/lib/x86_64-linux-gnu/liblz4.so.1.7.1
7f149bb20000-7f149bb21000 rw-p 00011000 08:01 656284                     /usr/lib/x86_64-linux-gnu/liblz4.so.1.7.1
7f149bb21000-7f149bb46000 r-xp 00000000 08:01 917549                     /lib/x86_64-linux-gnu/liblzma.so.5.2.2
7f149bb46000-7f149bd45000 ---p 00025000 08:01 917549                     /lib/x86_64-linux-gnu/liblzma.so.5.2.2
7f149bd45000-7f149bd46000 r--p 00024000 08:01 917549                     /lib/x86_64-linux-gnu/liblzma.so.5.2.2
7f149bd46000-7f149bd47000 rw-p 00025000 08:01 917549                     /lib/x86_64-linux-gnu/liblzma.so.5.2.2
7f149bd47000-7f149bd74000 r-xp 00000000 08:01 670721                     /usr/lib/x86_64-linux-gnu/libatk-bridge-2.0.so.0.0.0
7f149bd74000-7f149bf73000 ---p 0002d000 08:01 670721                     /usr/lib/x86_64-linux-gnu/libatk-bridge-2.0.so.0.0.0
7f149bf73000-7f149bf74000 r--p 0002c000 08:01 670721                     /usr/lib/x86_64-linux-gnu/libatk-bridge-2.0.so.0.0.0
7f149bf74000-7f149bf76000 rw-p 0002d000 08:01 670721                     /usr/lib/x86_64-linux-gnu/libatk-bridge-2.0.so.0.0.0
7f149bf76000-7f149bfc3000 r-xp 00000000 08:01 918153                     /lib/x86_64-linux-gnu/libdbus-1.so.3.14.15
7f149bfc3000-7f149c1c3000 ---p 0004d000 08:01 918153                     /lib/x86_64-linux-gnu/libdbus-1.so.3.14.15
7f149c1c3000-7f149c1c5000 r--p 0004d000 08:01 918153                     /lib/x86_64-linux-gnu/libdbus-1.so.3.14.15
7f149c1c5000-7f149c1c6000 rw-p 0004f000 08:01 918153                     /lib/x86_64-linux-gnu/libdbus-1.so.3.14.15
7f149c1c6000-7f149c1f3000 r-xp 00000000 08:01 670716                     /usr/lib/x86_64-linux-gnu/libatspi.so.0.0.1
7f149c1f3000-7f149c3f3000 ---p 0002d000 08:01 670716                     /usr/lib/x86_64-linux-gnu/libatspi.so.0.0.1
7f149c3f3000-7f149c3f6000 r--p 0002d000 08:01 670716                     /usr/lib/x86_64-linux-gnu/libatspi.so.0.0.1
7f149c3f6000-7f149c3f7000 rw-p 00030000 08:01 670716                     /usr/lib/x86_64-linux-gnu/libatspi.so.0.0.1
7f149c3f7000-7f149c3f8000 r-xp 00000000 08:01 673122                     /usr/lib/x86_64-linux-gnu/gtk-2.0/modules/libatk-bridge.so
7f149c3f8000-7f149c5f7000 ---p 00001000 08:01 673122                     /usr/lib/x86_64-linux-gnu/gtk-2.0/modules/libatk-bridge.so
7f149c5f7000-7f149c5f8000 r--p 00000000 08:01 673122                     /usr/lib/x86_64-linux-gnu/gtk-2.0/modules/libatk-bridge.so
7f149c5f8000-7f149c5f9000 rw-p 00001000 08:01 673122                     /usr/lib/x86_64-linux-gnu/gtk-2.0/modules/libatk-bridge.so
7f149c5f9000-7f149c600000 r-xp 00000000 08:01 685951                     /usr/lib/x86_64-linux-gnu/libgailutil.so.18.0.1
7f149c600000-7f149c7ff000 ---p 00007000 08:01 685951                     /usr/lib/x86_64-linux-gnu/libgailutil.so.18.0.1
7f149c7ff000-7f149c800000 r--p 00006000 08:01 685951                     /usr/lib/x86_64-linux-gnu/libgailutil.so.18.0.1
7f149c800000-7f149c801000 rw-p 00007000 08:01 685951                     /usr/lib/x86_64-linux-gnu/libgailutil.so.18.0.1
7f149c801000-7f149c850000 r-xp 00000000 08:01 685954                     /usr/lib/x86_64-linux-gnu/gtk-2.0/modules/libgail.so
7f149c850000-7f149ca4f000 ---p 0004f000 08:01 685954                     /usr/lib/x86_64-linux-gnu/gtk-2.0/modules/libgail.so
7f149ca4f000-7f149ca50000 r--p 0004e000 08:01 685954                     /usr/lib/x86_64-linux-gnu/gtk-2.0/modules/libgail.so
7f149ca50000-7f149ca52000 rw-p 0004f000 08:01 685954                     /usr/lib/x86_64-linux-gnu/gtk-2.0/modules/libgail.so
7f149ca52000-7f149ca7b000 r-xp 00000000 08:01 695456                     /usr/local/jdk1.8.0_111/jre/lib/amd64/libglass.so
7f149ca7b000-7f149cc7a000 ---p 00029000 08:01 695456                     /usr/local/jdk1.8.0_111/jre/lib/amd64/libglass.so
7f149cc7a000-7f149cc7d000 rw-p 00028000 08:01 695456                     /usr/local/jdk1.8.0_111/jre/lib/amd64/libglass.so
7f149cc7d000-7f149cc8c000 r-xp 00000000 08:01 695401                     /usr/local/jdk1.8.0_111/jre/lib/amd64/libprism_sw.so
7f149cc8c000-7f149ce8c000 ---p 0000f000 08:01 695401                     /usr/local/jdk1.8.0_111/jre/lib/amd64/libprism_sw.so
7f149ce8c000-7f149ce8d000 rw-p 0000f000 08:01 695401                     /usr/local/jdk1.8.0_111/jre/lib/amd64/libprism_sw.so
7f149ce8d000-7f149cec5000 r-xp 00000000 08:01 690820                     /usr/lib/x86_64-linux-gnu/s2tc/libtxc_dxtn.so
7f149cec5000-7f149d0c5000 ---p 00038000 08:01 690820                     /usr/lib/x86_64-linux-gnu/s2tc/libtxc_dxtn.so
7f149d0c5000-7f149d0c6000 r--p 00038000 08:01 690820                     /usr/lib/x86_64-linux-gnu/s2tc/libtxc_dxtn.so
7f149d0c6000-7f149d0c7000 rw-p 00039000 08:01 690820                     /usr/lib/x86_64-linux-gnu/s2tc/libtxc_dxtn.so
7f149d0c7000-7f149d0e9000 r-xp 00000000 08:01 917586                     /lib/x86_64-linux-gnu/libncurses.so.5.9
7f149d0e9000-7f149d2e8000 ---p 00022000 08:01 917586                     /lib/x86_64-linux-gnu/libncurses.so.5.9
7f149d2e8000-7f149d2e9000 r--p 00021000 08:01 917586                     /lib/x86_64-linux-gnu/libncurses.so.5.9
7f149d2e9000-7f149d2ea000 rw-p 00022000 08:01 917586                     /lib/x86_64-linux-gnu/libncurses.so.5.9
7f149d2ea000-7f149d310000 r-xp 00000000 08:01 917559                     /lib/x86_64-linux-gnu/libtinfo.so.5.9
7f149d310000-7f149d50f000 ---p 00026000 08:01 917559                     /lib/x86_64-linux-gnu/libtinfo.so.5.9
7f149d50f000-7f149d513000 r--p 00025000 08:01 917559                     /lib/x86_64-linux-gnu/libtinfo.so.5.9
7f149d513000-7f149d514000 rw-p 00029000 08:01 917559                     /lib/x86_64-linux-gnu/libtinfo.so.5.9
7f149d514000-7f149d545000 r-xp 00000000 08:01 664325                     /usr/lib/x86_64-linux-gnu/libedit.so.2.0.55
7f149d545000-7f149d745000 ---p 00031000 08:01 664325                     /usr/lib/x86_64-linux-gnu/libedit.so.2.0.55
7f149d745000-7f149d747000 r--p 00031000 08:01 664325                     /usr/lib/x86_64-linux-gnu/libedit.so.2.0.55
7f149d747000-7f149d748000 rw-p 00033000 08:01 664325                     /usr/lib/x86_64-linux-gnu/libedit.so.2.0.55
7f149d748000-7f149d74c000 rw-p 00000000 00:00 0 
7f149d74c000-7f149d75f000 r-xp 00000000 08:01 917556                     /lib/x86_64-linux-gnu/libgpg-error.so.0.21.0
7f149d75f000-7f149d95e000 ---p 00013000 08:01 917556                     /lib/x86_64-linux-gnu/libgpg-error.so.0.21.0
7f149d95e000-7f149d95f000 r--p 00012000 08:01 917556                     /lib/x86_64-linux-gnu/libgpg-error.so.0.21.0
7f149d95f000-7f149d960000 rw-p 00013000 08:01 917556                     /lib/x86_64-linux-gnu/libgpg-error.so.0.21.0
7f149d960000-7f14a0228000 r-xp 00000000 08:01 685958                     /usr/lib/x86_64-linux-gnu/libLLVM-3.9.so.1
7f14a0228000-7f14a0517000 r--p 028c7000 08:01 685958                     /usr/lib/x86_64-linux-gnu/libLLVM-3.9.so.1
7f14a0517000-7f14a053c000 rw-p 02bb6000 08:01 685958                     /usr/lib/x86_64-linux-gnu/libLLVM-3.9.so.1
7f14a053c000-7f14a0580000 rw-p 00000000 00:00 0 
7f14a0580000-7f14a0597000 r-xp 00000000 08:01 659984                     /usr/lib/x86_64-linux-gnu/libelf-0.168.so
7f14a0597000-7f14a0796000 ---p 00017000 08:01 659984                     /usr/lib/x86_64-linux-gnu/libelf-0.168.so
7f14a0796000-7f14a0797000 r--p 00016000 08:01 659984                     /usr/lib/x86_64-linux-gnu/libelf-0.168.so
7f14a0797000-7f14a0798000 rw-p 00017000 08:01 659984                     /usr/lib/x86_64-linux-gnu/libelf-0.168.so
7f14a0798000-7f14a07a1000 r-xp 00000000 08:01 685769                     /usr/lib/x86_64-linux-gnu/libdrm_amdgpu.so.1.0.0
7f14a07a1000-7f14a09a0000 ---p 00009000 08:01 685769                     /usr/lib/x86_64-linux-gnu/libdrm_amdgpu.so.1.0.0
7f14a09a0000-7f14a09a1000 r--p 00008000 08:01 685769                     /usr/lib/x86_64-linux-gnu/libdrm_amdgpu.so.1.0.0
7f14a09a1000-7f14a09a2000 rw-p 00009000 08:01 685769                     /usr/lib/x86_64-linux-gnu/libdrm_amdgpu.so.1.0.0
7f14a09a2000-7f14a09ad000 r-xp 00000000 08:01 685774                     /usr/lib/x86_64-linux-gnu/libdrm_radeon.so.1.0.1
7f14a09ad000-7f14a0bac000 ---p 0000b000 08:01 685774                     /usr/lib/x86_64-linux-gnu/libdrm_radeon.so.1.0.1
7f14a0bac000-7f14a0bad000 r--p 0000a000 08:01 685774                     /usr/lib/x86_64-linux-gnu/libdrm_radeon.so.1.0.1
7f14a0bad000-7f14a0bae000 rw-p 0000b000 08:01 685774                     /usr/lib/x86_64-linux-gnu/libdrm_radeon.so.1.0.1
7f14a0bae000-7f14a0bb5000 r-xp 00000000 08:01 685771                     /usr/lib/x86_64-linux-gnu/libdrm_nouveau.so.2.0.0
7f14a0bb5000-7f14a0db4000 ---p 00007000 08:01 685771                     /usr/lib/x86_64-linux-gnu/libdrm_nouveau.so.2.0.0
7f14a0db4000-7f14a0db5000 r--p 00006000 08:01 685771                     /usr/lib/x86_64-linux-gnu/libdrm_nouveau.so.2.0.0
7f14a0db5000-7f14a0db6000 rw-p 00007000 08:01 685771                     /usr/lib/x86_64-linux-gnu/libdrm_nouveau.so.2.0.0
7f14a0db6000-7f14a0dc4000 r-xp 00000000 08:01 685965                     /usr/lib/x86_64-linux-gnu/libsensors.so.4.4.0
7f14a0dc4000-7f14a0fc3000 ---p 0000e000 08:01 685965                     /usr/lib/x86_64-linux-gnu/libsensors.so.4.4.0
7f14a0fc3000-7f14a0fc4000 r--p 0000d000 08:01 685965                     /usr/lib/x86_64-linux-gnu/libsensors.so.4.4.0
7f14a0fc4000-7f14a0fc5000 rw-p 0000e000 08:01 685965                     /usr/lib/x86_64-linux-gnu/libsensors.so.4.4.0
7f14a0fc5000-7f14a10cc000 r-xp 00000000 08:01 917619                     /lib/x86_64-linux-gnu/libgcrypt.so.20.1.6
7f14a10cc000-7f14a12cc000 ---p 00107000 08:01 917619                     /lib/x86_64-linux-gnu/libgcrypt.so.20.1.6
7f14a12cc000-7f14a12ce000 r--p 00107000 08:01 917619                     /lib/x86_64-linux-gnu/libgcrypt.so.20.1.6
7f14a12ce000-7f14a12d5000 rw-p 00109000 08:01 917619                     /lib/x86_64-linux-gnu/libgcrypt.so.20.1.6
7f14a12d5000-7f14a1c11000 r-xp 00000000 08:01 685974                     /usr/lib/x86_64-linux-gnu/dri/swrast_dri.so
7f14a1c11000-7f14a1e10000 ---p 0093c000 08:01 685974                     /usr/lib/x86_64-linux-gnu/dri/swrast_dri.so
7f14a1e10000-7f14a1e4b000 r--p 0093b000 08:01 685974                     /usr/lib/x86_64-linux-gnu/dri/swrast_dri.so
7f14a1e4b000-7f14a1e57000 rw-p 00976000 08:01 685974                     /usr/lib/x86_64-linux-gnu/dri/swrast_dri.so
7f14a1e57000-7f14a204e000 rw-p 00000000 00:00 0 
7f14a204e000-7f14a2061000 r-xp 00000000 08:01 918030                     /lib/x86_64-linux-gnu/libbsd.so.0.8.3
7f14a2061000-7f14a2261000 ---p 00013000 08:01 918030                     /lib/x86_64-linux-gnu/libbsd.so.0.8.3
7f14a2261000-7f14a2262000 r--p 00013000 08:01 918030                     /lib/x86_64-linux-gnu/libbsd.so.0.8.3
7f14a2262000-7f14a2263000 rw-p 00014000 08:01 918030                     /lib/x86_64-linux-gnu/libbsd.so.0.8.3
7f14a2263000-7f14a2264000 rw-p 00000000 00:00 0 
7f14a2264000-7f14a2268000 r-xp 00000000 08:01 917609                     /lib/x86_64-linux-gnu/libuuid.so.1.3.0
7f14a2268000-7f14a2467000 ---p 00004000 08:01 917609                     /lib/x86_64-linux-gnu/libuuid.so.1.3.0
7f14a2467000-7f14a2468000 r--p 00003000 08:01 917609                     /lib/x86_64-linux-gnu/libuuid.so.1.3.0
7f14a2468000-7f14a2469000 rw-p 00004000 08:01 917609                     /lib/x86_64-linux-gnu/libuuid.so.1.3.0
7f14a2469000-7f14a2470000 r-xp 00000000 08:01 668650                     /usr/lib/x86_64-linux-gnu/libdatrie.so.1.3.3
7f14a2470000-7f14a266f000 ---p 00007000 08:01 668650                     /usr/lib/x86_64-linux-gnu/libdatrie.so.1.3.3
7f14a266f000-7f14a2670000 r--p 00006000 08:01 668650                     /usr/lib/x86_64-linux-gnu/libdatrie.so.1.3.3
7f14a2670000-7f14a2671000 rw-p 00007000 08:01 668650                     /usr/lib/x86_64-linux-gnu/libdatrie.so.1.3.3
7f14a2671000-7f14a2676000 r-xp 00000000 08:01 666430                     /usr/lib/x86_64-linux-gnu/libXdmcp.so.6.0.0
7f14a2676000-7f14a2875000 ---p 00005000 08:01 666430                     /usr/lib/x86_64-linux-gnu/libXdmcp.so.6.0.0
7f14a2875000-7f14a2876000 r--p 00004000 08:01 666430                     /usr/lib/x86_64-linux-gnu/libXdmcp.so.6.0.0
7f14a2876000-7f14a2877000 rw-p 00005000 08:01 666430                     /usr/lib/x86_64-linux-gnu/libXdmcp.so.6.0.0
7f14a2877000-7f14a287a000 r-xp 00000000 08:01 663492                     /usr/lib/x86_64-linux-gnu/libXau.so.6.0.0
7f14a287a000-7f14a2a79000 ---p 00003000 08:01 663492                     /usr/lib/x86_64-linux-gnu/libXau.so.6.0.0
7f14a2a79000-7f14a2a7a000 r--p 00002000 08:01 663492                     /usr/lib/x86_64-linux-gnu/libXau.so.6.0.0
7f14a2a7a000-7f14a2a7b000 rw-p 00003000 08:01 663492                     /usr/lib/x86_64-linux-gnu/libXau.so.6.0.0
7f14a2a7b000-7f14a2aa6000 r-xp 00000000 08:01 668656                     /usr/lib/x86_64-linux-gnu/libgraphite2.so.3.0.1
7f14a2aa6000-7f14a2ca5000 ---p 0002b000 08:01 668656                     /usr/lib/x86_64-linux-gnu/libgraphite2.so.3.0.1
7f14a2ca5000-7f14a2ca7000 r--p 0002a000 08:01 668656                     /usr/lib/x86_64-linux-gnu/libgraphite2.so.3.0.1
7f14a2ca7000-7f14a2ca8000 rw-p 0002c000 08:01 668656                     /usr/lib/x86_64-linux-gnu/libgraphite2.so.3.0.1
7f14a2ca8000-7f14a2ce9000 r-xp 00000000 08:01 917603                     /lib/x86_64-linux-gnu/libblkid.so.1.1.0
7f14a2ce9000-7f14a2ee8000 ---p 00041000 08:01 917603                     /lib/x86_64-linux-gnu/libblkid.so.1.1.0
7f14a2ee8000-7f14a2eec000 r--p 00040000 08:01 917603                     /lib/x86_64-linux-gnu/libblkid.so.1.1.0
7f14a2eec000-7f14a2eed000 rw-p 00044000 08:01 917603                     /lib/x86_64-linux-gnu/libblkid.so.1.1.0
7f14a2eed000-7f14a2eee000 rw-p 00000000 00:00 0 
7f14a2eee000-7f14a2efc000 r-xp 00000000 08:01 669796                     /usr/lib/x86_64-linux-gnu/libdrm.so.2.4.0
7f14a2efc000-7f14a30fc000 ---p 0000e000 08:01 669796                     /usr/lib/x86_64-linux-gnu/libdrm.so.2.4.0
7f14a30fc000-7f14a30fd000 r--p 0000e000 08:01 669796                     /usr/lib/x86_64-linux-gnu/libdrm.so.2.4.0
7f14a30fd000-7f14a30fe000 rw-p 0000f000 08:01 669796                     /usr/lib/x86_64-linux-gnu/libdrm.so.2.4.0
7f14a30fe000-7f14a3102000 r-xp 00000000 08:01 669822                     /usr/lib/x86_64-linux-gnu/libxcb-dri2.so.0.0.0
7f14a3102000-7f14a3301000 ---p 00004000 08:01 669822                     /usr/lib/x86_64-linux-gnu/libxcb-dri2.so.0.0.0
7f14a3301000-7f14a3302000 r--p 00003000 08:01 669822                     /usr/lib/x86_64-linux-gnu/libxcb-dri2.so.0.0.0
7f14a3302000-7f14a3303000 rw-p 00004000 08:01 669822                     /usr/lib/x86_64-linux-gnu/libxcb-dri2.so.0.0.0
7f14a3303000-7f14a331b000 r-xp 00000000 08:01 669879                     /usr/lib/x86_64-linux-gnu/libxcb-glx.so.0.0.0
7f14a331b000-7f14a351b000 ---p 00018000 08:01 669879                     /usr/lib/x86_64-linux-gnu/libxcb-glx.so.0.0.0
7f14a351b000-7f14a351d000 r--p 00018000 08:01 669879                     /usr/lib/x86_64-linux-gnu/libxcb-glx.so.0.0.0
7f14a351d000-7f14a351e000 rw-p 0001a000 08:01 669879                     /usr/lib/x86_64-linux-gnu/libxcb-glx.so.0.0.0
7f14a351e000-7f14a351f000 r-xp 00000000 08:01 669179                     /usr/lib/x86_64-linux-gnu/libX11-xcb.so.1.0.0
7f14a351f000-7f14a371e000 ---p 00001000 08:01 669179                     /usr/lib/x86_64-linux-gnu/libX11-xcb.so.1.0.0
7f14a371e000-7f14a371f000 r--p 00000000 08:01 669179                     /usr/lib/x86_64-linux-gnu/libX11-xcb.so.1.0.0
7f14a371f000-7f14a3720000 rw-p 00001000 08:01 669179                     /usr/lib/x86_64-linux-gnu/libX11-xcb.so.1.0.0
7f14a3720000-7f14a374a000 r-xp 00000000 08:01 669869                     /usr/lib/x86_64-linux-gnu/libglapi.so.0.0.0
7f14a374a000-7f14a3949000 ---p 0002a000 08:01 669869                     /usr/lib/x86_64-linux-gnu/libglapi.so.0.0.0
7f14a3949000-7f14a394d000 r--p 00029000 08:01 669869                     /usr/lib/x86_64-linux-gnu/libglapi.so.0.0.0
7f14a394d000-7f14a394e000 rw-p 0002d000 08:01 669869                     /usr/lib/x86_64-linux-gnu/libglapi.so.0.0.0
7f14a394e000-7f14a394f000 rw-p 00000000 00:00 0 
7f14a394f000-7f14a3950000 r-xp 00000000 08:01 669852                     /usr/lib/x86_64-linux-gnu/libxshmfence.so.1.0.0
7f14a3950000-7f14a3b4f000 ---p 00001000 08:01 669852                     /usr/lib/x86_64-linux-gnu/libxshmfence.so.1.0.0
7f14a3b4f000-7f14a3b50000 r--p 00000000 08:01 669852                     /usr/lib/x86_64-linux-gnu/libxshmfence.so.1.0.0
7f14a3b50000-7f14a3b51000 rw-p 00001000 08:01 669852                     /usr/lib/x86_64-linux-gnu/libxshmfence.so.1.0.0
7f14a3b51000-7f14a3b57000 r-xp 00000000 08:01 669840                     /usr/lib/x86_64-linux-gnu/libxcb-sync.so.1.0.0
7f14a3b57000-7f14a3d56000 ---p 00006000 08:01 669840                     /usr/lib/x86_64-linux-gnu/libxcb-sync.so.1.0.0
7f14a3d56000-7f14a3d57000 r--p 00005000 08:01 669840                     /usr/lib/x86_64-linux-gnu/libxcb-sync.so.1.0.0
7f14a3d57000-7f14a3d58000 rw-p 00006000 08:01 669840                     /usr/lib/x86_64-linux-gnu/libxcb-sync.so.1.0.0
7f14a3d58000-7f14a3d5a000 r-xp 00000000 08:01 669834                     /usr/lib/x86_64-linux-gnu/libxcb-present.so.0.0.0
7f14a3d5a000-7f14a3f59000 ---p 00002000 08:01 669834                     /usr/lib/x86_64-linux-gnu/libxcb-present.so.0.0.0
7f14a3f59000-7f14a3f5a000 r--p 00001000 08:01 669834                     /usr/lib/x86_64-linux-gnu/libxcb-present.so.0.0.0
7f14a3f5a000-7f14a3f5b000 rw-p 00002000 08:01 669834                     /usr/lib/x86_64-linux-gnu/libxcb-present.so.0.0.0
7f14a3f5b000-7f14a3f5d000 r-xp 00000000 08:01 669828                     /usr/lib/x86_64-linux-gnu/libxcb-dri3.so.0.0.0
7f14a3f5d000-7f14a415c000 ---p 00002000 08:01 669828                     /usr/lib/x86_64-linux-gnu/libxcb-dri3.so.0.0.0
7f14a415c000-7f14a415d000 r--p 00001000 08:01 669828                     /usr/lib/x86_64-linux-gnu/libxcb-dri3.so.0.0.0
7f14a415d000-7f14a415e000 rw-p 00002000 08:01 669828                     /usr/lib/x86_64-linux-gnu/libxcb-dri3.so.0.0.0
7f14a415e000-7f14a41d0000 r-xp 00000000 08:01 917541                     /lib/x86_64-linux-gnu/libpcre.so.3.13.3
7f14a41d0000-7f14a43cf000 ---p 00072000 08:01 917541                     /lib/x86_64-linux-gnu/libpcre.so.3.13.3
7f14a43cf000-7f14a43d0000 r--p 00071000 08:01 917541                     /lib/x86_64-linux-gnu/libpcre.so.3.13.3
7f14a43d0000-7f14a43d1000 rw-p 00072000 08:01 917541                     /lib/x86_64-linux-gnu/libpcre.so.3.13.3
7f14a43d1000-7f14a43d8000 r-xp 00000000 08:01 659846                     /usr/lib/x86_64-linux-gnu/libffi.so.6.0.4
7f14a43d8000-7f14a45d8000 ---p 00007000 08:01 659846                     /usr/lib/x86_64-linux-gnu/libffi.so.6.0.4
7f14a45d8000-7f14a45d9000 r--p 00007000 08:01 659846                     /usr/lib/x86_64-linux-gnu/libffi.so.6.0.4
7f14a45d9000-7f14a45da000 rw-p 00008000 08:01 659846                     /usr/lib/x86_64-linux-gnu/libffi.so.6.0.4
7f14a45da000-7f14a4601000 r-xp 00000000 08:01 917507                     /lib/x86_64-linux-gnu/libexpat.so.1.6.2
7f14a4601000-7f14a4801000 ---p 00027000 08:01 917507                     /lib/x86_64-linux-gnu/libexpat.so.1.6.2
7f14a4801000-7f14a4803000 r--p 00027000 08:01 917507                     /lib/x86_64-linux-gnu/libexpat.so.1.6.2
7f14a4803000-7f14a4804000 rw-p 00029000 08:01 917507                     /lib/x86_64-linux-gnu/libexpat.so.1.6.2
7f14a4804000-7f14a480c000 r-xp 00000000 08:01 668652                     /usr/lib/x86_64-linux-gnu/libthai.so.0.3.0
7f14a480c000-7f14a4a0c000 ---p 00008000 08:01 668652                     /usr/lib/x86_64-linux-gnu/libthai.so.0.3.0
7f14a4a0c000-7f14a4a0d000 r--p 00008000 08:01 668652                     /usr/lib/x86_64-linux-gnu/libthai.so.0.3.0
7f14a4a0d000-7f14a4a0e000 rw-p 00009000 08:01 668652                     /usr/lib/x86_64-linux-gnu/libthai.so.0.3.0
7f14a4a0e000-7f14a4a1a000 r-xp 00000000 08:01 668624                     /usr/lib/x86_64-linux-gnu/libxcb-render.so.0.0.0
7f14a4a1a000-7f14a4c1a000 ---p 0000c000 08:01 668624                     /usr/lib/x86_64-linux-gnu/libxcb-render.so.0.0.0
7f14a4c1a000-7f14a4c1b000 r--p 0000c000 08:01 668624                     /usr/lib/x86_64-linux-gnu/libxcb-render.so.0.0.0
7f14a4c1b000-7f14a4c1c000 rw-p 0000d000 08:01 668624                     /usr/lib/x86_64-linux-gnu/libxcb-render.so.0.0.0
7f14a4c1c000-7f14a4c43000 r-xp 00000000 08:01 666432                     /usr/lib/x86_64-linux-gnu/libxcb.so.1.1.0
7f14a4c43000-7f14a4e42000 ---p 00027000 08:01 666432                     /usr/lib/x86_64-linux-gnu/libxcb.so.1.1.0
7f14a4e42000-7f14a4e43000 r--p 00026000 08:01 666432                     /usr/lib/x86_64-linux-gnu/libxcb.so.1.1.0
7f14a4e43000-7f14a4e44000 rw-p 00027000 08:01 666432                     /usr/lib/x86_64-linux-gnu/libxcb.so.1.1.0
7f14a4e44000-7f14a4e46000 r-xp 00000000 08:01 668626                     /usr/lib/x86_64-linux-gnu/libxcb-shm.so.0.0.0
7f14a4e46000-7f14a5046000 ---p 00002000 08:01 668626                     /usr/lib/x86_64-linux-gnu/libxcb-shm.so.0.0.0
7f14a5046000-7f14a5047000 r--p 00002000 08:01 668626                     /usr/lib/x86_64-linux-gnu/libxcb-shm.so.0.0.0
7f14a5047000-7f14a5048000 rw-p 00003000 08:01 668626                     /usr/lib/x86_64-linux-gnu/libxcb-shm.so.0.0.0
7f14a5048000-7f14a50e6000 r-xp 00000000 08:01 668621                     /usr/lib/x86_64-linux-gnu/libpixman-1.so.0.34.0
7f14a50e6000-7f14a52e6000 ---p 0009e000 08:01 668621                     /usr/lib/x86_64-linux-gnu/libpixman-1.so.0.34.0
7f14a52e6000-7f14a52ee000 r--p 0009e000 08:01 668621                     /usr/lib/x86_64-linux-gnu/libpixman-1.so.0.34.0
7f14a52ee000-7f14a52ef000 rw-p 000a6000 08:01 668621                     /usr/lib/x86_64-linux-gnu/libpixman-1.so.0.34.0
7f14a52ef000-7f14a5320000 r-xp 00000000 08:01 661657                     /usr/lib/x86_64-linux-gnu/libpng16.so.16.28.0
7f14a5320000-7f14a5520000 ---p 00031000 08:01 661657                     /usr/lib/x86_64-linux-gnu/libpng16.so.16.28.0
7f14a5520000-7f14a5521000 r--p 00031000 08:01 661657                     /usr/lib/x86_64-linux-gnu/libpng16.so.16.28.0
7f14a5521000-7f14a5522000 rw-p 00032000 08:01 661657                     /usr/lib/x86_64-linux-gnu/libpng16.so.16.28.0
7f14a5522000-7f14a55b5000 r-xp 00000000 08:01 668660                     /usr/lib/x86_64-linux-gnu/libharfbuzz.so.0.10400.2
7f14a55b5000-7f14a57b4000 ---p 00093000 08:01 668660                     /usr/lib/x86_64-linux-gnu/libharfbuzz.so.0.10400.2
7f14a57b4000-7f14a57b6000 r--p 00092000 08:01 668660                     /usr/lib/x86_64-linux-gnu/libharfbuzz.so.0.10400.2
7f14a57b6000-7f14a57b7000 rw-p 00094000 08:01 668660                     /usr/lib/x86_64-linux-gnu/libharfbuzz.so.0.10400.2
7f14a57b7000-7f14a5801000 r-xp 00000000 08:01 917672                     /lib/x86_64-linux-gnu/libmount.so.1.1.0
7f14a5801000-7f14a5a01000 ---p 0004a000 08:01 917672                     /lib/x86_64-linux-gnu/libmount.so.1.1.0
7f14a5a01000-7f14a5a02000 r--p 0004a000 08:01 917672                     /lib/x86_64-linux-gnu/libmount.so.1.1.0
7f14a5a02000-7f14a5a03000 rw-p 0004b000 08:01 917672                     /lib/x86_64-linux-gnu/libmount.so.1.1.0
7f14a5a03000-7f14a5a05000 rw-p 00000000 00:00 0 
7f14a5a05000-7f14a5a19000 r-xp 00000000 08:01 921411                     /lib/x86_64-linux-gnu/libresolv-2.24.so
7f14a5a19000-7f14a5c18000 ---p 00014000 08:01 921411                     /lib/x86_64-linux-gnu/libresolv-2.24.so
7f14a5c18000-7f14a5c19000 r--p 00013000 08:01 921411                     /lib/x86_64-linux-gnu/libresolv-2.24.so
7f14a5c19000-7f14a5c1a000 rw-p 00014000 08:01 921411                     /lib/x86_64-linux-gnu/libresolv-2.24.so
7f14a5c1a000-7f14a5c1c000 rw-p 00000000 00:00 0 
7f14a5c1c000-7f14a5c41000 r-xp 00000000 08:01 917585                     /lib/x86_64-linux-gnu/libselinux.so.1
7f14a5c41000-7f14a5e40000 ---p 00025000 08:01 917585                     /lib/x86_64-linux-gnu/libselinux.so.1
7f14a5e40000-7f14a5e41000 r--p 00024000 08:01 917585                     /lib/x86_64-linux-gnu/libselinux.so.1
7f14a5e41000-7f14a5e42000 rw-p 00025000 08:01 917585                     /lib/x86_64-linux-gnu/libselinux.so.1
7f14a5e42000-7f14a5e44000 rw-p 00000000 00:00 0 
7f14a5e44000-7f14a5e5d000 r-xp 00000000 08:01 917596                     /lib/x86_64-linux-gnu/libz.so.1.2.8
7f14a5e5d000-7f14a605c000 ---p 00019000 08:01 917596                     /lib/x86_64-linux-gnu/libz.so.1.2.8
7f14a605c000-7f14a605d000 r--p 00018000 08:01 917596                     /lib/x86_64-linux-gnu/libz.so.1.2.8
7f14a605d000-7f14a605e000 rw-p 00019000 08:01 917596                     /lib/x86_64-linux-gnu/libz.so.1.2.8
7f14a605e000-7f14a606f000 r-xp 00000000 08:01 666439                     /usr/lib/x86_64-linux-gnu/libXext.so.6.4.0
7f14a606f000-7f14a626e000 ---p 00011000 08:01 666439                     /usr/lib/x86_64-linux-gnu/libXext.so.6.4.0
7f14a626e000-7f14a626f000 r--p 00010000 08:01 666439                     /usr/lib/x86_64-linux-gnu/libXext.so.6.4.0
7f14a626f000-7f14a6270000 rw-p 00011000 08:01 666439                     /usr/lib/x86_64-linux-gnu/libXext.so.6.4.0
7f14a6270000-7f14a627a000 r-xp 00000000 08:01 669140                     /usr/lib/x86_64-linux-gnu/libXcursor.so.1.0.2
7f14a627a000-7f14a6479000 ---p 0000a000 08:01 669140                     /usr/lib/x86_64-linux-gnu/libXcursor.so.1.0.2
7f14a6479000-7f14a647a000 r--p 00009000 08:01 669140                     /usr/lib/x86_64-linux-gnu/libXcursor.so.1.0.2
7f14a647a000-7f14a647b000 rw-p 0000a000 08:01 669140                     /usr/lib/x86_64-linux-gnu/libXcursor.so.1.0.2
7f14a647b000-7f14a6485000 r-xp 00000000 08:01 668380                     /usr/lib/x86_64-linux-gnu/libXrandr.so.2.2.0
7f14a6485000-7f14a6684000 ---p 0000a000 08:01 668380                     /usr/lib/x86_64-linux-gnu/libXrandr.so.2.2.0
7f14a6684000-7f14a6685000 r--p 00009000 08:01 668380                     /usr/lib/x86_64-linux-gnu/libXrandr.so.2.2.0
7f14a6685000-7f14a6686000 rw-p 0000a000 08:01 668380                     /usr/lib/x86_64-linux-gnu/libXrandr.so.2.2.0
7f14a6686000-7f14a6695000 r-xp 00000000 08:01 669144                     /usr/lib/x86_64-linux-gnu/libXi.so.6.1.0
7f14a6695000-7f14a6894000 ---p 0000f000 08:01 669144                     /usr/lib/x86_64-linux-gnu/libXi.so.6.1.0
7f14a6894000-7f14a6895000 r--p 0000e000 08:01 669144                     /usr/lib/x86_64-linux-gnu/libXi.so.6.1.0
7f14a6895000-7f14a6896000 rw-p 0000f000 08:01 669144                     /usr/lib/x86_64-linux-gnu/libXi.so.6.1.0
7f14a6896000-7f14a6898000 r-xp 00000000 08:01 668367                     /usr/lib/x86_64-linux-gnu/libXinerama.so.1.0.0
7f14a6898000-7f14a6a97000 ---p 00002000 08:01 668367                     /usr/lib/x86_64-linux-gnu/libXinerama.so.1.0.0
7f14a6a97000-7f14a6a98000 r--p 00001000 08:01 668367                     /usr/lib/x86_64-linux-gnu/libXinerama.so.1.0.0
7f14a6a98000-7f14a6a99000 rw-p 00002000 08:01 668367                     /usr/lib/x86_64-linux-gnu/libXinerama.so.1.0.0
7f14a6a99000-7f14a6aa2000 r-xp 00000000 08:01 668374                     /usr/lib/x86_64-linux-gnu/libXrender.so.1.3.0
7f14a6aa2000-7f14a6ca1000 ---p 00009000 08:01 668374                     /usr/lib/x86_64-linux-gnu/libXrender.so.1.3.0
7f14a6ca1000-7f14a6ca2000 r--p 00008000 08:01 668374                     /usr/lib/x86_64-linux-gnu/libXrender.so.1.3.0
7f14a6ca2000-7f14a6ca3000 rw-p 00009000 08:01 668374                     /usr/lib/x86_64-linux-gnu/libXrender.so.1.3.0
7f14a6ca3000-7f14a6ca8000 r-xp 00000000 08:01 669138                     /usr/lib/x86_64-linux-gnu/libXfixes.so.3.1.0
7f14a6ca8000-7f14a6ea7000 ---p 00005000 08:01 669138                     /usr/lib/x86_64-linux-gnu/libXfixes.so.3.1.0
7f14a6ea7000-7f14a6ea8000 r--p 00004000 08:01 669138                     /usr/lib/x86_64-linux-gnu/libXfixes.so.3.1.0
7f14a6ea8000-7f14a6ea9000 rw-p 00005000 08:01 669138                     /usr/lib/x86_64-linux-gnu/libXfixes.so.3.1.0
7f14a6ea9000-7f14a6eab000 r-xp 00000000 08:01 669142                     /usr/lib/x86_64-linux-gnu/libXdamage.so.1.1.0
7f14a6eab000-7f14a70aa000 ---p 00002000 08:01 669142                     /usr/lib/x86_64-linux-gnu/libXdamage.so.1.1.0
7f14a70aa000-7f14a70ab000 r--p 00001000 08:01 669142                     /usr/lib/x86_64-linux-gnu/libXdamage.so.1.1.0
7f14a70ab000-7f14a70ac000 rw-p 00002000 08:01 669142                     /usr/lib/x86_64-linux-gnu/libXdamage.so.1.1.0
7f14a70ac000-7f14a70ae000 r-xp 00000000 08:01 669136                     /usr/lib/x86_64-linux-gnu/libXcomposite.so.1.0.0
7f14a70ae000-7f14a72ad000 ---p 00002000 08:01 669136                     /usr/lib/x86_64-linux-gnu/libXcomposite.so.1.0.0
7f14a72ad000-7f14a72ae000 r--p 00001000 08:01 669136                     /usr/lib/x86_64-linux-gnu/libXcomposite.so.1.0.0
7f14a72ae000-7f14a72af000 rw-p 00002000 08:01 669136                     /usr/lib/x86_64-linux-gnu/libXcomposite.so.1.0.0
7f14a72af000-7f14a72c5000 r-xp 00000000 08:01 917611                     /lib/x86_64-linux-gnu/libgcc_s.so.1
7f14a72c5000-7f14a74c4000 ---p 00016000 08:01 917611                     /lib/x86_64-linux-gnu/libgcc_s.so.1
7f14a74c4000-7f14a74c5000 r--p 00015000 08:01 917611                     /lib/x86_64-linux-gnu/libgcc_s.so.1
7f14a74c5000-7f14a74c6000 rw-p 00016000 08:01 917611                     /lib/x86_64-linux-gnu/libgcc_s.so.1
7f14a74c6000-7f14a7638000 r-xp 00000000 08:01 655369                     /usr/lib/x86_64-linux-gnu/libstdc++.so.6.0.22
7f14a7638000-7f14a7838000 ---p 00172000 08:01 655369                     /usr/lib/x86_64-linux-gnu/libstdc++.so.6.0.22
7f14a7838000-7f14a7842000 r--p 00172000 08:01 655369                     /usr/lib/x86_64-linux-gnu/libstdc++.so.6.0.22
7f14a7842000-7f14a7844000 rw-p 0017c000 08:01 655369                     /usr/lib/x86_64-linux-gnu/libstdc++.so.6.0.22
7f14a7844000-7f14a7848000 rw-p 00000000 00:00 0 
7f14a7848000-7f14a78b6000 r-xp 00000000 08:01 669885                     /usr/lib/x86_64-linux-gnu/libGL.so.1.2.0
7f14a78b6000-7f14a7ab5000 ---p 0006e000 08:01 669885                     /usr/lib/x86_64-linux-gnu/libGL.so.1.2.0
7f14a7ab5000-7f14a7ab8000 r--p 0006d000 08:01 669885                     /usr/lib/x86_64-linux-gnu/libGL.so.1.2.0
7f14a7ab8000-7f14a7ab9000 rw-p 00070000 08:01 669885                     /usr/lib/x86_64-linux-gnu/libGL.so.1.2.0
7f14a7ab9000-7f14a7aba000 rw-p 00000000 00:00 0 
7f14a7aba000-7f14a7abf000 r-xp 00000000 08:01 668388                     /usr/lib/x86_64-linux-gnu/libXxf86vm.so.1.0.0
7f14a7abf000-7f14a7cbe000 ---p 00005000 08:01 668388                     /usr/lib/x86_64-linux-gnu/libXxf86vm.so.1.0.0
7f14a7cbe000-7f14a7cbf000 r--p 00004000 08:01 668388                     /usr/lib/x86_64-linux-gnu/libXxf86vm.so.1.0.0
7f14a7cbf000-7f14a7cc0000 rw-p 00005000 08:01 668388                     /usr/lib/x86_64-linux-gnu/libXxf86vm.so.1.0.0
7f14a7cc0000-7f14a7dfa000 r-xp 00000000 08:01 666436                     /usr/lib/x86_64-linux-gnu/libX11.so.6.3.0
7f14a7dfa000-7f14a7ffa000 ---p 0013a000 08:01 666436                     /usr/lib/x86_64-linux-gnu/libX11.so.6.3.0
7f14a7ffa000-7f14a7ffb000 r--p 0013a000 08:01 666436                     /usr/lib/x86_64-linux-gnu/libX11.so.6.3.0
7f14a7ffb000-7f14a8000000 rw-p 0013b000 08:01 666436                     /usr/lib/x86_64-linux-gnu/libX11.so.6.3.0
7f14a8000000-7f14a8772000 rw-p 00000000 00:00 0 
7f14a8772000-7f14ac000000 ---p 00000000 00:00 0 
7f14ac000000-7f14ac385000 rw-p 00000000 00:00 0 
7f14ac385000-7f14b0000000 ---p 00000000 00:00 0 
7f14b0000000-7f14b0021000 rw-p 00000000 00:00 0 
7f14b0021000-7f14b4000000 ---p 00000000 00:00 0 
7f14b4000000-7f14b50c1000 rw-p 00000000 00:00 0 
7f14b50c1000-7f14b8000000 ---p 00000000 00:00 0 
7f14b8000000-7f14b8021000 rw-p 00000000 00:00 0 
7f14b8021000-7f14bc000000 ---p 00000000 00:00 0 
7f14bc000000-7f14bc021000 rw-p 00000000 00:00 0 
7f14bc021000-7f14c0000000 ---p 00000000 00:00 0 
7f14c0000000-7f14c003a000 rw-p 00000000 00:00 0 
7f14c003a000-7f14c4000000 ---p 00000000 00:00 0 
7f14c4001000-7f14c4002000 r--s 00000000 08:01 428320                     /var/cache/fontconfig/087e1975ba9a574b140bb1df193bf770-le64.cache-4
7f14c4002000-7f14c4004000 r--s 00000000 08:01 397149                     /var/cache/fontconfig/4794a0821666d79190d59a36cb4f44b5-le64.cache-4
7f14c4004000-7f14c4005000 r--s 00000000 08:01 428318                     /var/cache/fontconfig/0bd3dc0958fa2205aaaa8ebb13e2872b-le64.cache-4
7f14c4005000-7f14c4008000 r--s 00000000 08:01 428317                     /var/cache/fontconfig/e49e89034d371f0f9de17aab02136486-le64.cache-4
7f14c4008000-7f14c4014000 r--s 00000000 08:01 397928                     /var/cache/fontconfig/d589a48862398ed80a3d6066f4f56f4c-le64.cache-4
7f14c4014000-7f14c402f000 r--s 0038e000 08:01 695324                     /usr/local/jdk1.8.0_111/jre/lib/ext/cldrdata.jar
7f14c402f000-7f14c404c000 r--s 00131000 08:01 12462                      /home/etudiant/NetBeansProjects/GSB-RV-DR/dist/run1216311021/lib/org.eclipse.persistence.jpa.jpql_2.5.2.v20140319-9ad6abd.jar
7f14c404c000-7f14c40d0000 r-xp 00000000 08:01 917793                     /lib/x86_64-linux-gnu/libsystemd.so.0.17.0
7f14c40d0000-7f14c40d1000 ---p 00084000 08:01 917793                     /lib/x86_64-linux-gnu/libsystemd.so.0.17.0
7f14c40d1000-7f14c40d4000 r--p 00084000 08:01 917793                     /lib/x86_64-linux-gnu/libsystemd.so.0.17.0
7f14c40d4000-7f14c40d5000 rw-p 00087000 08:01 917793                     /lib/x86_64-linux-gnu/libsystemd.so.0.17.0
7f14c40d5000-7f14c40d6000 rw-p 00000000 00:00 0 
7f14c40d6000-7f14c40d8000 r--s 00000000 08:01 428316                     /var/cache/fontconfig/4b14b093aebc79c320de5e86ae1d3314-le64.cache-4
7f14c40d8000-7f14c40df000 r--s 00000000 08:01 428309                     /var/cache/fontconfig/53d14c92082a93e67d5078324eb314ca-le64.cache-4
7f14c40df000-7f14c40e9000 r--s 00115000 08:01 695287                     /usr/local/jdk1.8.0_111/jre/lib/ext/localedata.jar
7f14c40e9000-7f14c40f0000 r--s 000b9000 08:01 12461                      /home/etudiant/NetBeansProjects/GSB-RV-DR/dist/run1216311021/lib/mysql-connector-java-5.1.15-bin.jar
7f14c40f0000-7f14c40f5000 r-xp 00000000 08:01 670989                     /usr/lib/x86_64-linux-gnu/libXtst.so.6.1.0
7f14c40f5000-7f14c42f4000 ---p 00005000 08:01 670989                     /usr/lib/x86_64-linux-gnu/libXtst.so.6.1.0
7f14c42f4000-7f14c42f5000 r--p 00004000 08:01 670989                     /usr/lib/x86_64-linux-gnu/libXtst.so.6.1.0
7f14c42f5000-7f14c42f6000 rw-p 00005000 08:01 670989                     /usr/lib/x86_64-linux-gnu/libXtst.so.6.1.0
7f14c42f6000-7f14c4408000 r-xp 00000000 08:01 919946                     /lib/x86_64-linux-gnu/libglib-2.0.so.0.5000.3
7f14c4408000-7f14c4607000 ---p 00112000 08:01 919946                     /lib/x86_64-linux-gnu/libglib-2.0.so.0.5000.3
7f14c4607000-7f14c4608000 r--p 00111000 08:01 919946                     /lib/x86_64-linux-gnu/libglib-2.0.so.0.5000.3
7f14c4608000-7f14c4609000 rw-p 00112000 08:01 919946                     /lib/x86_64-linux-gnu/libglib-2.0.so.0.5000.3
7f14c4609000-7f14c460a000 rw-p 00000000 00:00 0 
7f14c460a000-7f14c460b000 r-xp 00000000 08:01 668086                     /usr/lib/x86_64-linux-gnu/libgthread-2.0.so.0.5000.3
7f14c460b000-7f14c480a000 ---p 00001000 08:01 668086                     /usr/lib/x86_64-linux-gnu/libgthread-2.0.so.0.5000.3
7f14c480a000-7f14c480b000 r--p 00000000 08:01 668086                     /usr/lib/x86_64-linux-gnu/libgthread-2.0.so.0.5000.3
7f14c480b000-7f14c480c000 rw-p 00001000 08:01 668086                     /usr/lib/x86_64-linux-gnu/libgthread-2.0.so.0.5000.3
7f14c480c000-7f14c480f000 r-xp 00000000 08:01 668084                     /usr/lib/x86_64-linux-gnu/libgmodule-2.0.so.0.5000.3
7f14c480f000-7f14c4a0e000 ---p 00003000 08:01 668084                     /usr/lib/x86_64-linux-gnu/libgmodule-2.0.so.0.5000.3
7f14c4a0e000-7f14c4a0f000 r--p 00002000 08:01 668084                     /usr/lib/x86_64-linux-gnu/libgmodule-2.0.so.0.5000.3
7f14c4a0f000-7f14c4a10000 rw-p 00003000 08:01 668084                     /usr/lib/x86_64-linux-gnu/libgmodule-2.0.so.0.5000.3
7f14c4a10000-7f14c4a62000 r-xp 00000000 08:01 668085                     /usr/lib/x86_64-linux-gnu/libgobject-2.0.so.0.5000.3
7f14c4a62000-7f14c4c61000 ---p 00052000 08:01 668085                     /usr/lib/x86_64-linux-gnu/libgobject-2.0.so.0.5000.3
7f14c4c61000-7f14c4c62000 r--p 00051000 08:01 668085                     /usr/lib/x86_64-linux-gnu/libgobject-2.0.so.0.5000.3
7f14c4c62000-7f14c4c63000 rw-p 00052000 08:01 668085                     /usr/lib/x86_64-linux-gnu/libgobject-2.0.so.0.5000.3
7f14c4c63000-7f14c4c9f000 r-xp 00000000 08:01 668619                     /usr/lib/x86_64-linux-gnu/libfontconfig.so.1.8.0
7f14c4c9f000-7f14c4e9e000 ---p 0003c000 08:01 668619                     /usr/lib/x86_64-linux-gnu/libfontconfig.so.1.8.0
7f14c4e9e000-7f14c4ea0000 r--p 0003b000 08:01 668619                     /usr/lib/x86_64-linux-gnu/libfontconfig.so.1.8.0
7f14c4ea0000-7f14c4ea1000 rw-p 0003d000 08:01 668619                     /usr/lib/x86_64-linux-gnu/libfontconfig.so.1.8.0
7f14c4ea1000-7f14c4f49000 r-xp 00000000 08:01 667835                     /usr/lib/x86_64-linux-gnu/libfreetype.so.6.12.3
7f14c4f49000-7f14c5149000 ---p 000a8000 08:01 667835                     /usr/lib/x86_64-linux-gnu/libfreetype.so.6.12.3
7f14c5149000-7f14c514f000 r--p 000a8000 08:01 667835                     /usr/lib/x86_64-linux-gnu/libfreetype.so.6.12.3
7f14c514f000-7f14c5150000 rw-p 000ae000 08:01 667835                     /usr/lib/x86_64-linux-gnu/libfreetype.so.6.12.3
7f14c5150000-7f14c5199000 r-xp 00000000 08:01 668654                     /usr/lib/x86_64-linux-gnu/libpango-1.0.so.0.4000.5
7f14c5199000-7f14c5398000 ---p 00049000 08:01 668654                     /usr/lib/x86_64-linux-gnu/libpango-1.0.so.0.4000.5
7f14c5398000-7f14c539b000 r--p 00048000 08:01 668654                     /usr/lib/x86_64-linux-gnu/libpango-1.0.so.0.4000.5
7f14c539b000-7f14c539c000 rw-p 0004b000 08:01 668654                     /usr/lib/x86_64-linux-gnu/libpango-1.0.so.0.4000.5
7f14c539c000-7f14c54aa000 r-xp 00000000 08:01 668628                     /usr/lib/x86_64-linux-gnu/libcairo.so.2.11400.8
7f14c54aa000-7f14c56aa000 ---p 0010e000 08:01 668628                     /usr/lib/x86_64-linux-gnu/libcairo.so.2.11400.8
7f14c56aa000-7f14c56ad000 r--p 0010e000 08:01 668628                     /usr/lib/x86_64-linux-gnu/libcairo.so.2.11400.8
7f14c56ad000-7f14c56ae000 rw-p 00111000 08:01 668628                     /usr/lib/x86_64-linux-gnu/libcairo.so.2.11400.8
7f14c56ae000-7f14c56b0000 rw-p 00000000 00:00 0 
7f14c56b0000-7f14c56bc000 r-xp 00000000 08:01 668664                     /usr/lib/x86_64-linux-gnu/libpangocairo-1.0.so.0.4000.5
7f14c56bc000-7f14c58bb000 ---p 0000c000 08:01 668664                     /usr/lib/x86_64-linux-gnu/libpangocairo-1.0.so.0.4000.5
7f14c58bb000-7f14c58bc000 r--p 0000b000 08:01 668664                     /usr/lib/x86_64-linux-gnu/libpangocairo-1.0.so.0.4000.5
7f14c58bc000-7f14c58bd000 rw-p 0000c000 08:01 668664                     /usr/lib/x86_64-linux-gnu/libpangocairo-1.0.so.0.4000.5
7f14c58bd000-7f14c58df000 r-xp 00000000 08:01 668614                     /usr/lib/x86_64-linux-gnu/libgdk_pixbuf-2.0.so.0.3600.5
7f14c58df000-7f14c5adf000 ---p 00022000 08:01 668614                     /usr/lib/x86_64-linux-gnu/libgdk_pixbuf-2.0.so.0.3600.5
7f14c5adf000-7f14c5ae0000 r--p 00022000 08:01 668614                     /usr/lib/x86_64-linux-gnu/libgdk_pixbuf-2.0.so.0.3600.5
7f14c5ae0000-7f14c5ae1000 rw-p 00023000 08:01 668614                     /usr/lib/x86_64-linux-gnu/libgdk_pixbuf-2.0.so.0.3600.5
7f14c5ae1000-7f14c5af5000 r-xp 00000000 08:01 668662                     /usr/lib/x86_64-linux-gnu/libpangoft2-1.0.so.0.4000.5
7f14c5af5000-7f14c5cf5000 ---p 00014000 08:01 668662                     /usr/lib/x86_64-linux-gnu/libpangoft2-1.0.so.0.4000.5
7f14c5cf5000-7f14c5cf6000 r--p 00014000 08:01 668662                     /usr/lib/x86_64-linux-gnu/libpangoft2-1.0.so.0.4000.5
7f14c5cf6000-7f14c5cf7000 rw-p 00015000 08:01 668662                     /usr/lib/x86_64-linux-gnu/libpangoft2-1.0.so.0.4000.5
7f14c5cf7000-7f14c5e84000 r-xp 00000000 08:01 668083                     /usr/lib/x86_64-linux-gnu/libgio-2.0.so.0.5000.3
7f14c5e84000-7f14c6084000 ---p 0018d000 08:01 668083                     /usr/lib/x86_64-linux-gnu/libgio-2.0.so.0.5000.3
7f14c6084000-7f14c6089000 r--p 0018d000 08:01 668083                     /usr/lib/x86_64-linux-gnu/libgio-2.0.so.0.5000.3
7f14c6089000-7f14c608c000 rw-p 00192000 08:01 668083                     /usr/lib/x86_64-linux-gnu/libgio-2.0.so.0.5000.3
7f14c608c000-7f14c608d000 rw-p 00000000 00:00 0 
7f14c608d000-7f14c60b0000 r-xp 00000000 08:01 668936                     /usr/lib/x86_64-linux-gnu/libatk-1.0.so.0.22209.1
7f14c60b0000-7f14c62af000 ---p 00023000 08:01 668936                     /usr/lib/x86_64-linux-gnu/libatk-1.0.so.0.22209.1
7f14c62af000-7f14c62b2000 r--p 00022000 08:01 668936                     /usr/lib/x86_64-linux-gnu/libatk-1.0.so.0.22209.1
7f14c62b2000-7f14c62b3000 rw-p 00025000 08:01 668936                     /usr/lib/x86_64-linux-gnu/libatk-1.0.so.0.22209.1
7f14c62b3000-7f14c6363000 r-xp 00000000 08:01 669170                     /usr/lib/x86_64-linux-gnu/libgdk-x11-2.0.so.0.2400.31
7f14c6363000-7f14c6562000 ---p 000b0000 08:01 669170                     /usr/lib/x86_64-linux-gnu/libgdk-x11-2.0.so.0.2400.31
7f14c6562000-7f14c6566000 r--p 000af000 08:01 669170                     /usr/lib/x86_64-linux-gnu/libgdk-x11-2.0.so.0.2400.31
7f14c6566000-7f14c6568000 rw-p 000b3000 08:01 669170                     /usr/lib/x86_64-linux-gnu/libgdk-x11-2.0.so.0.2400.31
7f14c6568000-7f14c69a4000 r-xp 00000000 08:01 669171                     /usr/lib/x86_64-linux-gnu/libgtk-x11-2.0.so.0.2400.31
7f14c69a4000-7f14c6ba3000 ---p 0043c000 08:01 669171                     /usr/lib/x86_64-linux-gnu/libgtk-x11-2.0.so.0.2400.31
7f14c6ba3000-7f14c6baa000 r--p 0043b000 08:01 669171                     /usr/lib/x86_64-linux-gnu/libgtk-x11-2.0.so.0.2400.31
7f14c6baa000-7f14c6bae000 rw-p 00442000 08:01 669171                     /usr/lib/x86_64-linux-gnu/libgtk-x11-2.0.so.0.2400.31
7f14c6bae000-7f14c6bb1000 rw-p 00000000 00:00 0 
7f14c6bb1000-7f14c6bbd000 r-xp 00000000 08:01 695371                     /usr/local/jdk1.8.0_111/jre/lib/amd64/libprism_es2.so
7f14c6bbd000-7f14c6dbc000 ---p 0000c000 08:01 695371                     /usr/local/jdk1.8.0_111/jre/lib/amd64/libprism_es2.so
7f14c6dbc000-7f14c6dbd000 rw-p 0000b000 08:01 695371                     /usr/local/jdk1.8.0_111/jre/lib/amd64/libprism_es2.so
7f14c6dbd000-7f14c6dc0000 ---p 00000000 00:00 0 
7f14c6dc0000-7f14c6ebe000 rw-p 00000000 00:00 0 
7f14c6ebe000-7f14c6f54000 r--s 010fb000 08:01 695375                     /usr/local/jdk1.8.0_111/jre/lib/ext/jfxrt.jar
7f14c6f54000-7f14c6f55000 ---p 00000000 00:00 0 
7f14c6f55000-7f14c7055000 rw-p 00000000 00:00 0 
7f14c7055000-7f14c7058000 ---p 00000000 00:00 0 
7f14c7058000-7f14c7156000 rw-p 00000000 00:00 0 
7f14c7156000-7f14c7159000 ---p 00000000 00:00 0 
7f14c7159000-7f14c7257000 rw-p 00000000 00:00 0 
7f14c7257000-7f14c725a000 ---p 00000000 00:00 0 
7f14c725a000-7f14c7358000 rw-p 00000000 00:00 0 
7f14c7358000-7f14c735b000 ---p 00000000 00:00 0 
7f14c735b000-7f14c7459000 rw-p 00000000 00:00 0 
7f14c7459000-7f14c75f4000 r--p 00000000 08:01 659869                     /usr/lib/locale/locale-archive
7f14c75f4000-7f14c75f7000 ---p 00000000 00:00 0 
7f14c75f7000-7f14c76f5000 rw-p 00000000 00:00 0 
7f14c76f5000-7f14c76f8000 ---p 00000000 00:00 0 
7f14c76f8000-7f14c77f6000 rw-p 00000000 00:00 0 
7f14c77f6000-7f14c77f7000 ---p 00000000 00:00 0 
7f14c77f7000-7f14c7946000 rw-p 00000000 00:00 0 
7f14c7946000-7f14c7b1e000 r--s 03d2a000 08:01 695642                     /usr/local/jdk1.8.0_111/jre/lib/rt.jar
7f14c7b1e000-7f14c7bef000 rw-p 00000000 00:00 0 
7f14c7bef000-7f14c83ef000 rw-p 00000000 00:00 0 
7f14c83ef000-7f14c840c000 rw-p 00000000 00:00 0 
7f14c840c000-7f14c87af000 ---p 00000000 00:00 0 
7f14c87af000-7f14c8eef000 rwxp 00000000 00:00 0 
7f14c8eef000-7f14d77af000 ---p 00000000 00:00 0 
7f14d77af000-7f14d77c9000 r-xp 00000000 08:01 695502                     /usr/local/jdk1.8.0_111/jre/lib/amd64/libzip.so
7f14d77c9000-7f14d79c9000 ---p 0001a000 08:01 695502                     /usr/local/jdk1.8.0_111/jre/lib/amd64/libzip.so
7f14d79c9000-7f14d79ca000 rw-p 0001a000 08:01 695502                     /usr/local/jdk1.8.0_111/jre/lib/amd64/libzip.so
7f14d79ca000-7f14d79d4000 r-xp 00000000 08:01 921405                     /lib/x86_64-linux-gnu/libnss_files-2.24.so
7f14d79d4000-7f14d7bd4000 ---p 0000a000 08:01 921405                     /lib/x86_64-linux-gnu/libnss_files-2.24.so
7f14d7bd4000-7f14d7bd5000 r--p 0000a000 08:01 921405                     /lib/x86_64-linux-gnu/libnss_files-2.24.so
7f14d7bd5000-7f14d7bd6000 rw-p 0000b000 08:01 921405                     /lib/x86_64-linux-gnu/libnss_files-2.24.so
7f14d7bd6000-7f14d7bdc000 rw-p 00000000 00:00 0 
7f14d7bdc000-7f14d7be7000 r-xp 00000000 08:01 921407                     /lib/x86_64-linux-gnu/libnss_nis-2.24.so
7f14d7be7000-7f14d7de6000 ---p 0000b000 08:01 921407                     /lib/x86_64-linux-gnu/libnss_nis-2.24.so
7f14d7de6000-7f14d7de7000 r--p 0000a000 08:01 921407                     /lib/x86_64-linux-gnu/libnss_nis-2.24.so
7f14d7de7000-7f14d7de8000 rw-p 0000b000 08:01 921407                     /lib/x86_64-linux-gnu/libnss_nis-2.24.so
7f14d7de8000-7f14d7dfc000 r-xp 00000000 08:01 921402                     /lib/x86_64-linux-gnu/libnsl-2.24.so
7f14d7dfc000-7f14d7ffc000 ---p 00014000 08:01 921402                     /lib/x86_64-linux-gnu/libnsl-2.24.so
7f14d7ffc000-7f14d7ffd000 r--p 00014000 08:01 921402                     /lib/x86_64-linux-gnu/libnsl-2.24.so
7f14d7ffd000-7f14d7ffe000 rw-p 00015000 08:01 921402                     /lib/x86_64-linux-gnu/libnsl-2.24.so
7f14d7ffe000-7f14d8000000 rw-p 00000000 00:00 0 
7f14d8000000-7f14d842c000 rw-p 00000000 00:00 0 
7f14d842c000-7f14dc000000 ---p 00000000 00:00 0 
7f14dc000000-7f14dc001000 r--s 00000000 08:01 428312                     /var/cache/fontconfig/8a687c406b77f27d99abfeeba937fcce-le64.cache-4
7f14dc001000-7f14dc005000 r--s 00000000 08:01 428311                     /var/cache/fontconfig/246184dc75a16901ca37d96895904249-le64.cache-4
7f14dc005000-7f14dc00b000 r--s 00023000 08:01 12460                      /home/etudiant/NetBeansProjects/GSB-RV-DR/dist/run1216311021/lib/javax.persistence_2.1.0.v201304241213.jar
7f14dc00b000-7f14dc036000 r--p 00000000 08:01 668988                     /usr/share/locale/fr/LC_MESSAGES/gtk20-properties.mo
7f14dc036000-7f14dc03e000 rw-p 00000000 00:00 0 
7f14dc03e000-7f14dc089000 ---p 00000000 00:00 0 
7f14dc089000-7f14dc098000 rw-p 00000000 00:00 0 
7f14dc098000-7f14dc12f000 ---p 00000000 00:00 0 
7f14dc12f000-7f14dc130000 rw-p 00000000 00:00 0 
7f14dc130000-7f14dc137000 r-xp 00000000 08:01 921403                     /lib/x86_64-linux-gnu/libnss_compat-2.24.so
7f14dc137000-7f14dc336000 ---p 00007000 08:01 921403                     /lib/x86_64-linux-gnu/libnss_compat-2.24.so
7f14dc336000-7f14dc337000 r--p 00006000 08:01 921403                     /lib/x86_64-linux-gnu/libnss_compat-2.24.so
7f14dc337000-7f14dc338000 rw-p 00007000 08:01 921403                     /lib/x86_64-linux-gnu/libnss_compat-2.24.so
7f14dc338000-7f14dc363000 r-xp 00000000 08:01 695475                     /usr/local/jdk1.8.0_111/jre/lib/amd64/libjava.so
7f14dc363000-7f14dc562000 ---p 0002b000 08:01 695475                     /usr/local/jdk1.8.0_111/jre/lib/amd64/libjava.so
7f14dc562000-7f14dc564000 rw-p 0002a000 08:01 695475                     /usr/local/jdk1.8.0_111/jre/lib/amd64/libjava.so
7f14dc564000-7f14dc571000 r-xp 00000000 08:01 695438                     /usr/local/jdk1.8.0_111/jre/lib/amd64/libverify.so
7f14dc571000-7f14dc770000 ---p 0000d000 08:01 695438                     /usr/local/jdk1.8.0_111/jre/lib/amd64/libverify.so
7f14dc770000-7f14dc772000 rw-p 0000c000 08:01 695438                     /usr/local/jdk1.8.0_111/jre/lib/amd64/libverify.so
7f14dc772000-7f14dc779000 r-xp 00000000 08:01 921412                     /lib/x86_64-linux-gnu/librt-2.24.so
7f14dc779000-7f14dc978000 ---p 00007000 08:01 921412                     /lib/x86_64-linux-gnu/librt-2.24.so
7f14dc978000-7f14dc979000 r--p 00006000 08:01 921412                     /lib/x86_64-linux-gnu/librt-2.24.so
7f14dc979000-7f14dc97a000 rw-p 00007000 08:01 921412                     /lib/x86_64-linux-gnu/librt-2.24.so
7f14dc97a000-7f14dca7d000 r-xp 00000000 08:01 921399                     /lib/x86_64-linux-gnu/libm-2.24.so
7f14dca7d000-7f14dcc7c000 ---p 00103000 08:01 921399                     /lib/x86_64-linux-gnu/libm-2.24.so
7f14dcc7c000-7f14dcc7d000 r--p 00102000 08:01 921399                     /lib/x86_64-linux-gnu/libm-2.24.so
7f14dcc7d000-7f14dcc7e000 rw-p 00103000 08:01 921399                     /lib/x86_64-linux-gnu/libm-2.24.so
7f14dcc7e000-7f14dd94b000 r-xp 00000000 08:01 695353                     /usr/local/jdk1.8.0_111/jre/lib/amd64/server/libjvm.so
7f14dd94b000-7f14ddb4a000 ---p 00ccd000 08:01 695353                     /usr/local/jdk1.8.0_111/jre/lib/amd64/server/libjvm.so
7f14ddb4a000-7f14ddc23000 rw-p 00ccc000 08:01 695353                     /usr/local/jdk1.8.0_111/jre/lib/amd64/server/libjvm.so
7f14ddc23000-7f14ddc6e000 rw-p 00000000 00:00 0 
7f14ddc6e000-7f14dde03000 r-xp 00000000 08:01 921395                     /lib/x86_64-linux-gnu/libc-2.24.so
7f14dde03000-7f14de003000 ---p 00195000 08:01 921395                     /lib/x86_64-linux-gnu/libc-2.24.so
7f14de003000-7f14de007000 r--p 00195000 08:01 921395                     /lib/x86_64-linux-gnu/libc-2.24.so
7f14de007000-7f14de009000 rw-p 00199000 08:01 921395                     /lib/x86_64-linux-gnu/libc-2.24.so
7f14de009000-7f14de00d000 rw-p 00000000 00:00 0 
7f14de00d000-7f14de010000 r-xp 00000000 08:01 921398                     /lib/x86_64-linux-gnu/libdl-2.24.so
7f14de010000-7f14de20f000 ---p 00003000 08:01 921398                     /lib/x86_64-linux-gnu/libdl-2.24.so
7f14de20f000-7f14de210000 r--p 00002000 08:01 921398                     /lib/x86_64-linux-gnu/libdl-2.24.so
7f14de210000-7f14de211000 rw-p 00003000 08:01 921398                     /lib/x86_64-linux-gnu/libdl-2.24.so
7f14de211000-7f14de226000 r-xp 00000000 08:01 695417                     /usr/local/jdk1.8.0_111/jre/lib/amd64/jli/libjli.so
7f14de226000-7f14de426000 ---p 00015000 08:01 695417                     /usr/local/jdk1.8.0_111/jre/lib/amd64/jli/libjli.so
7f14de426000-7f14de427000 rw-p 00015000 08:01 695417                     /usr/local/jdk1.8.0_111/jre/lib/amd64/jli/libjli.so
7f14de427000-7f14de43f000 r-xp 00000000 08:01 921410                     /lib/x86_64-linux-gnu/libpthread-2.24.so
7f14de43f000-7f14de63e000 ---p 00018000 08:01 921410                     /lib/x86_64-linux-gnu/libpthread-2.24.so
7f14de63e000-7f14de63f000 r--p 00017000 08:01 921410                     /lib/x86_64-linux-gnu/libpthread-2.24.so
7f14de63f000-7f14de640000 rw-p 00018000 08:01 921410                     /lib/x86_64-linux-gnu/libpthread-2.24.so
7f14de640000-7f14de644000 rw-p 00000000 00:00 0 
7f14de644000-7f14de667000 r-xp 00000000 08:01 917612                     /lib/x86_64-linux-gnu/ld-2.24.so
7f14de667000-7f14de668000 r--s 00000000 08:01 397929                     /var/cache/fontconfig/3f7329c5293ffd510edef78f73874cfd-le64.cache-4
7f14de668000-7f14de66a000 r--s 00000000 08:01 428307                     /var/cache/fontconfig/62f91419b9ebdb6975e7e41ab6412357-le64.cache-4
7f14de66a000-7f14de679000 r--p 00000000 08:01 668989                     /usr/share/locale/fr/LC_MESSAGES/gtk20.mo
7f14de679000-7f14de6a0000 r--p 00000000 08:01 658875                     /usr/share/locale/fr/LC_MESSAGES/libc.mo
7f14de6a0000-7f14de6af000 rw-p 00000000 00:00 0 
7f14de6af000-7f14de747000 ---p 00000000 00:00 0 
7f14de747000-7f14de74a000 ---p 00000000 00:00 0 
7f14de74a000-7f14de84a000 rw-p 00000000 00:00 0 
7f14de84a000-7f14de84b000 r--s 00000000 08:01 428308                     /var/cache/fontconfig/c277e94e32b20404286a1ddafa5a80f0-le64.cache-4
7f14de84b000-7f14de84e000 r--s 00000000 08:01 428295                     /var/cache/fontconfig/e13b20fdb08344e0e664864cc2ede53d-le64.cache-4
7f14de84e000-7f14de851000 r--p 00000000 08:01 668884                     /usr/share/locale/fr/LC_MESSAGES/atk10.mo
7f14de851000-7f14de858000 r--s 00000000 08:01 660815                     /usr/lib/x86_64-linux-gnu/gconv/gconv-modules.cache
7f14de858000-7f14de85a000 r--s 00009000 08:01 12451                      /home/etudiant/NetBeansProjects/GSB-RV-DR/dist/run1216311021/GSB-RV-DR.jar
7f14de85a000-7f14de862000 rw-s 00000000 08:01 1187588                    /tmp/hsperfdata_etudiant/4233
7f14de862000-7f14de863000 rw-p 00000000 00:00 0 
7f14de863000-7f14de864000 r--p 00000000 00:00 0 
7f14de864000-7f14de867000 rw-p 00000000 00:00 0 
7f14de867000-7f14de868000 r--p 00023000 08:01 917612                     /lib/x86_64-linux-gnu/ld-2.24.so
7f14de868000-7f14de869000 rw-p 00024000 08:01 917612                     /lib/x86_64-linux-gnu/ld-2.24.so
7f14de869000-7f14de86a000 rw-p 00000000 00:00 0 
7ffeef321000-7ffeef342000 rw-p 00000000 00:00 0                          [stack]
7ffeef3ed000-7ffeef3ef000 r--p 00000000 00:00 0                          [vvar]
7ffeef3ef000-7ffeef3f1000 r-xp 00000000 00:00 0                          [vdso]
ffffffffff600000-ffffffffff601000 r-xp 00000000 00:00 0                  [vsyscall]

VM Arguments:
jvm_args: -Dfile.encoding=UTF-8 
java_command: /home/etudiant/NetBeansProjects/GSB-RV-DR/dist/run1216311021/GSB-RV-DR.jar
java_class_path (initial): /home/etudiant/NetBeansProjects/GSB-RV-DR/dist/run1216311021/GSB-RV-DR.jar
Launcher Type: SUN_STANDARD

Environment Variables:
PATH=/usr/local/bin:/usr/bin:/bin:/usr/local/games:/usr/games
USERNAME=etudiant
LD_LIBRARY_PATH=/usr/local/jdk1.8.0_111/jre/lib/amd64:/usr/local/jdk1.8.0_111/jre/lib/i386:
SHELL=/bin/bash
DISPLAY=:0

Signal Handlers:
SIGSEGV: [libjvm.so+0xac64b0], sa_mask[0]=11111111011111111101111111111110, sa_flags=SA_RESTART|SA_SIGINFO
SIGBUS: [libjvm.so+0xac64b0], sa_mask[0]=11111111011111111101111111111110, sa_flags=SA_RESTART|SA_SIGINFO
SIGFPE: [libjvm.so+0x91f950], sa_mask[0]=11111111011111111101111111111110, sa_flags=SA_RESTART|SA_SIGINFO
SIGPIPE: SIG_IGN, sa_mask[0]=00000000000010000000000000000000, sa_flags=SA_RESTART
SIGXFSZ: [libjvm.so+0x91f950], sa_mask[0]=11111111011111111101111111111110, sa_flags=SA_RESTART|SA_SIGINFO
SIGILL: [libjvm.so+0x91f950], sa_mask[0]=11111111011111111101111111111110, sa_flags=SA_RESTART|SA_SIGINFO
SIGUSR1: SIG_DFL, sa_mask[0]=00000000000000000000000000000000, sa_flags=none
SIGUSR2: [libjvm.so+0x920f80], sa_mask[0]=00100000000000000000000000000000, sa_flags=SA_RESTART|SA_SIGINFO
SIGHUP: [libjvm.so+0x922380], sa_mask[0]=11111111011111111101111111111110, sa_flags=SA_RESTART|SA_SIGINFO
SIGINT: SIG_IGN, sa_mask[0]=00000000000000000000000000000000, sa_flags=none
SIGTERM: [libjvm.so+0x922380], sa_mask[0]=11111111011111111101111111111110, sa_flags=SA_RESTART|SA_SIGINFO
SIGQUIT: [libjvm.so+0x922380], sa_mask[0]=11111111011111111101111111111110, sa_flags=SA_RESTART|SA_SIGINFO


---------------  S Y S T E M  ---------------

OS:PRETTY_NAME="Debian GNU/Linux 9 (stretch)"
NAME="Debian GNU/Linux"
VERSION_ID="9"
VERSION="9 (stretch)"
ID=debian
HOME_URL="https://www.debian.org/"
SUPPORT_URL="https://www.debian.org/support"
BUG_REPORT_URL="https://bugs.debian.org/"

uname:Linux 4.9.0-8-amd64 #1 SMP Debian 4.9.110-3+deb9u6 (2018-10-08) x86_64
libc:glibc 2.24 NPTL 2.24 
rlimit: STACK 8192k, CORE 0k, NPROC 7855, NOFILE 4096, AS infinity
load average:1,14 0,88 0,71

/proc/meminfo:
MemTotal:        2033676 kB
MemFree:           69064 kB
MemAvailable:     195348 kB
Buffers:           13972 kB
Cached:           240228 kB
SwapCached:         6284 kB
Active:          1279880 kB
Inactive:         496720 kB
Active(anon):    1152596 kB
Inactive(anon):   382348 kB
Active(file):     127284 kB
Inactive(file):   114372 kB
Unevictable:           0 kB
Mlocked:               0 kB
SwapTotal:        522236 kB
SwapFree:         248172 kB
Dirty:               268 kB
Writeback:             0 kB
AnonPages:       1516792 kB
Mapped:           111396 kB
Shmem:             12492 kB
Slab:              73648 kB
SReclaimable:      32604 kB
SUnreclaim:        41044 kB
KernelStack:       10128 kB
PageTables:        34576 kB
NFS_Unstable:          0 kB
Bounce:                0 kB
WritebackTmp:          0 kB
CommitLimit:     1539072 kB
Committed_AS:    4754652 kB
VmallocTotal:   34359738367 kB
VmallocUsed:           0 kB
VmallocChunk:          0 kB
HardwareCorrupted:     0 kB
AnonHugePages:         0 kB
ShmemHugePages:        0 kB
ShmemPmdMapped:        0 kB
HugePages_Total:       0
HugePages_Free:        0
HugePages_Rsvd:        0
HugePages_Surp:        0
Hugepagesize:       2048 kB
DirectMap4k:       85888 kB
DirectMap2M:     2011136 kB


CPU:total 1 (1 cores per cpu, 1 threads per core) family 6 model 23 stepping 10, cmov, cx8, fxsr, mmx, sse, sse2, sse3, ssse3, sse4.1, tsc, tscinvbit

/proc/cpuinfo:
processor	: 0
vendor_id	: GenuineIntel
cpu family	: 6
model		: 23
model name	: Intel(R) Core(TM)2 Duo CPU     E8500  @ 3.16GHz
stepping	: 10
microcode	: 0xa0c
cpu MHz		: 3165.444
cache size	: 6144 KB
physical id	: 0
siblings	: 1
core id		: 0
cpu cores	: 1
apicid		: 0
initial apicid	: 0
fpu		: yes
fpu_exception	: yes
cpuid level	: 13
wp		: yes
flags		: fpu vme de pse tsc msr pae mce cx8 apic sep mtrr pge mca cmov pat pse36 clflush dts mmx fxsr sse sse2 ss syscall nx lm constant_tsc arch_perfmon pebs bts nopl xtopology tsc_reliable nonstop_tsc aperfmperf pni ssse3 cx16 sse4_1 x2apic tsc_deadline_timer xsave hypervisor lahf_lm kaiser tsc_adjust dtherm
bugs		: cpu_meltdown spectre_v1 spectre_v2 spec_store_bypass l1tf
bogomips	: 6332.00
clflush size	: 64
cache_alignment	: 64
address sizes	: 42 bits physical, 48 bits virtual
power management:



Memory: 4k page, physical 2033676k(69064k free), swap 522236k(248172k free)

vm_info: Java HotSpot(TM) 64-Bit Server VM (25.111-b14) for linux-amd64 JRE (1.8.0_111-b14), built on Sep 22 2016 16:14:03 by "java_re" with gcc 4.3.0 20080428 (Red Hat 4.3.0-8)

time: Tue Apr 16 15:33:19 2019
elapsed time: 13 seconds (0d 0h 0m 13s)

